
==========================================================================================
[2026-01-25T18:44:52] START trial=107 seed=20264121
CMD: C:\Users\stewe67\PycharmProjects\FilteredTest\.venv\Scripts\python.exe C:\Users\stewe67\PycharmProjects\FilteredTest\main.py --dataset C:\Users\stewe67\PycharmProjects\FilteredTest\dataset\dataset_2026-01-13_masked.npy --mask C:\Users\stewe67\PycharmProjects\FilteredTest\dataset\mask_2026-01-13_masked.npy --assets C:\Users\stewe67\PycharmProjects\FilteredTest\dataset\assets_2026-01-13.txt --dates C:\Users\stewe67\PycharmProjects\FilteredTest\dataset\dates_2026-01-13.txt --features C:\Users\stewe67\PycharmProjects\FilteredTest\dataset\features_2026-01-13.json --cfg C:\Users\stewe67\PycharmProjects\FilteredTest\runs_tcn_sweep_robust\sweep\trial_0107\cfg.json --outdir C:\Users\stewe67\PycharmProjects\FilteredTest\runs_full_trial107_seed20264121 --epochs 120 --seed 20264121 --max_anchors_val 0 --early_stop_min_epochs 30 --early_stop_patience 20
[INFO] 2026-01-25 18:45:00,692 - device=cuda
[INFO] loaded cube: A=2395, T=7000, F=25
[INFO] time split: train=[0,4899] val=[4900,5949] test=[5950,6999]
[INFO] date ranges: train 1999-01-04..2017-10-13 | val 2017-10-16..2021-10-22 | test 2021-10-25..2025-10-31
[INFO] applied masked standardization using train-only statistics
[INFO] asset_keep: 2395/2395 assets remain after mask-only filter
[INFO] samples: train=800000 val=1615532 test=1617230
[INFO] 2026-01-25 18:45:43,166 - training start
[INFO] 2026-01-25 18:45:46,115 - E001 S00001/00782 loss=0.702255 ema=0.702255 y_mean=0.510 lr=5.000e-04 step/s=0.35
[INFO] 2026-01-25 18:46:12,158 - E001 S00100/00782 loss=0.694945 ema=0.692861 y_mean=0.500 lr=5.000e-04 step/s=3.45
[INFO] 2026-01-25 18:46:38,480 - E001 S00200/00782 loss=0.692579 ema=0.690903 y_mean=0.515 lr=5.000e-04 step/s=3.62
[INFO] 2026-01-25 18:47:04,673 - E001 S00300/00782 loss=0.695000 ema=0.691528 y_mean=0.504 lr=5.000e-04 step/s=3.68
[INFO] 2026-01-25 18:47:31,147 - E001 S00400/00782 loss=0.683178 ema=0.689118 y_mean=0.556 lr=5.000e-04 step/s=3.70
[INFO] 2026-01-25 18:47:57,441 - E001 S00500/00782 loss=0.692117 ema=0.690475 y_mean=0.517 lr=5.000e-04 step/s=3.72
[INFO] 2026-01-25 18:48:23,834 - E001 S00600/00782 loss=0.687751 ema=0.690102 y_mean=0.534 lr=5.000e-04 step/s=3.73
[INFO] 2026-01-25 18:48:50,106 - E001 S00700/00782 loss=0.690184 ema=0.688731 y_mean=0.497 lr=5.000e-04 step/s=3.74
[INFO] 2026-01-25 18:57:52,157 - [VAL] thr=0.659 trades=399 avg_rnet=0.022907 winrate=0.692
[INFO] 2026-01-25 18:57:52,165 - E001 DONE train_loss=0.692128 val_bce=0.693724 val_acc@0.5=0.5242 n_val=1615532 epoch_time_s=729.0
[INFO] 2026-01-25 18:57:52,225 - [CKPT] saved best_model.pt (best_val_avg_rnet=0.022907, trades=399, thr=0.659)
[INFO] 2026-01-25 18:57:52,627 - E002 S00001/00782 loss=0.689237 ema=0.689237 y_mean=0.500 lr=4.999e-04 step/s=2.49
[INFO] 2026-01-25 18:58:20,714 - E002 S00100/00782 loss=0.683347 ema=0.687295 y_mean=0.530 lr=4.999e-04 step/s=3.51
[INFO] 2026-01-25 18:58:47,419 - E002 S00200/00782 loss=0.687704 ema=0.687436 y_mean=0.506 lr=4.999e-04 step/s=3.62
[INFO] 2026-01-25 18:59:14,339 - E002 S00300/00782 loss=0.684479 ema=0.687840 y_mean=0.519 lr=4.999e-04 step/s=3.65
[INFO] 2026-01-25 18:59:41,122 - E002 S00400/00782 loss=0.682559 ema=0.685318 y_mean=0.527 lr=4.999e-04 step/s=3.67
[INFO] 2026-01-25 19:00:08,190 - E002 S00500/00782 loss=0.677331 ema=0.681408 y_mean=0.512 lr=4.999e-04 step/s=3.68
[INFO] 2026-01-25 19:00:35,240 - E002 S00600/00782 loss=0.691514 ema=0.678369 y_mean=0.515 lr=4.999e-04 step/s=3.68
[INFO] 2026-01-25 19:01:02,018 - E002 S00700/00782 loss=0.662388 ema=0.675064 y_mean=0.489 lr=4.999e-04 step/s=3.69
[INFO] 2026-01-25 19:10:07,462 - [VAL] thr=0.720 trades=316 avg_rnet=0.088328 winrate=0.826
[INFO] 2026-01-25 19:10:07,469 - E002 DONE train_loss=0.682519 val_bce=0.716706 val_acc@0.5=0.5089 n_val=1615532 epoch_time_s=735.2
[INFO] 2026-01-25 19:10:07,526 - [CKPT] saved best_model.pt (best_val_avg_rnet=0.088328, trades=316, thr=0.720)
[INFO] 2026-01-25 19:10:07,895 - E003 S00001/00782 loss=0.685004 ema=0.685004 y_mean=0.526 lr=4.997e-04 step/s=2.71
[INFO] 2026-01-25 19:10:34,529 - E003 S00100/00782 loss=0.664315 ema=0.658030 y_mean=0.511 lr=4.997e-04 step/s=3.70
[INFO] 2026-01-25 19:11:01,423 - E003 S00200/00782 loss=0.661237 ema=0.649369 y_mean=0.517 lr=4.997e-04 step/s=3.71
[INFO] 2026-01-25 19:11:28,353 - E003 S00300/00782 loss=0.631378 ema=0.640400 y_mean=0.514 lr=4.997e-04 step/s=3.71
[INFO] 2026-01-25 19:11:55,110 - E003 S00400/00782 loss=0.618684 ema=0.630452 y_mean=0.522 lr=4.997e-04 step/s=3.72
[INFO] 2026-01-25 19:12:22,053 - E003 S00500/00782 loss=0.622974 ema=0.620828 y_mean=0.517 lr=4.997e-04 step/s=3.72
[INFO] 2026-01-25 19:12:48,813 - E003 S00600/00782 loss=0.600919 ema=0.614354 y_mean=0.532 lr=4.997e-04 step/s=3.72
[INFO] 2026-01-25 19:13:15,845 - E003 S00700/00782 loss=0.593851 ema=0.607812 y_mean=0.529 lr=4.997e-04 step/s=3.72
[INFO] 2026-01-25 19:22:20,798 - [VAL] thr=0.880 trades=8454 avg_rnet=0.009827 winrate=0.578
[INFO] 2026-01-25 19:22:20,798 - E003 DONE train_loss=0.631357 val_bce=0.749035 val_acc@0.5=0.5143 n_val=1615532 epoch_time_s=733.3
[INFO] 2026-01-25 19:22:21,169 - E004 S00001/00782 loss=0.599113 ema=0.599113 y_mean=0.518 lr=4.992e-04 step/s=2.70
[INFO] 2026-01-25 19:22:47,929 - E004 S00100/00782 loss=0.587038 ema=0.593530 y_mean=0.505 lr=4.992e-04 step/s=3.69
[INFO] 2026-01-25 19:23:14,861 - E004 S00200/00782 loss=0.584488 ema=0.590389 y_mean=0.504 lr=4.992e-04 step/s=3.70
[INFO] 2026-01-25 19:23:41,676 - E004 S00300/00782 loss=0.587841 ema=0.586898 y_mean=0.515 lr=4.992e-04 step/s=3.71
[INFO] 2026-01-25 19:24:08,624 - E004 S00400/00782 loss=0.586890 ema=0.585422 y_mean=0.522 lr=4.992e-04 step/s=3.71
[INFO] 2026-01-25 19:24:35,405 - E004 S00500/00782 loss=0.578422 ema=0.580023 y_mean=0.479 lr=4.992e-04 step/s=3.71
[INFO] 2026-01-25 19:25:02,368 - E004 S00600/00782 loss=0.565607 ema=0.573724 y_mean=0.529 lr=4.992e-04 step/s=3.71
[INFO] 2026-01-25 19:25:29,156 - E004 S00700/00782 loss=0.571189 ema=0.572013 y_mean=0.526 lr=4.992e-04 step/s=3.72
[INFO] 2026-01-25 19:34:33,372 - [VAL] thr=0.635 trades=340070 avg_rnet=0.003004 winrate=0.566
[INFO] 2026-01-25 19:34:33,377 - E004 DONE train_loss=0.583361 val_bce=0.761882 val_acc@0.5=0.5222 n_val=1615532 epoch_time_s=732.6
[INFO] 2026-01-25 19:34:33,749 - E005 S00001/00782 loss=0.574140 ema=0.574140 y_mean=0.536 lr=4.986e-04 step/s=2.69
[INFO] 2026-01-25 19:35:00,483 - E005 S00100/00782 loss=0.558984 ema=0.565414 y_mean=0.523 lr=4.986e-04 step/s=3.69
[INFO] 2026-01-25 19:35:27,224 - E005 S00200/00782 loss=0.545959 ema=0.564236 y_mean=0.502 lr=4.986e-04 step/s=3.71
[INFO] 2026-01-25 19:35:54,145 - E005 S00300/00782 loss=0.579161 ema=0.567057 y_mean=0.489 lr=4.986e-04 step/s=3.71
[INFO] 2026-01-25 19:36:21,112 - E005 S00400/00782 loss=0.542674 ema=0.559238 y_mean=0.519 lr=4.986e-04 step/s=3.71
[INFO] 2026-01-25 19:36:47,982 - E005 S00500/00782 loss=0.558380 ema=0.557568 y_mean=0.486 lr=4.986e-04 step/s=3.71
[INFO] 2026-01-25 19:37:15,077 - E005 S00600/00782 loss=0.544625 ema=0.556121 y_mean=0.535 lr=4.986e-04 step/s=3.71
[INFO] 2026-01-25 19:37:42,450 - E005 S00700/00782 loss=0.551342 ema=0.557529 y_mean=0.516 lr=4.986e-04 step/s=3.70
[INFO] 2026-01-25 19:46:45,011 - [VAL] thr=0.947 trades=11746 avg_rnet=0.003025 winrate=0.541
[INFO] 2026-01-25 19:46:45,011 - E005 DONE train_loss=0.561916 val_bce=0.800197 val_acc@0.5=0.5251 n_val=1615532 epoch_time_s=731.6
[INFO] 2026-01-25 19:46:45,388 - E006 S00001/00782 loss=0.540096 ema=0.540096 y_mean=0.522 lr=4.979e-04 step/s=2.65
[INFO] 2026-01-25 19:47:12,235 - E006 S00100/00782 loss=0.537877 ema=0.551814 y_mean=0.531 lr=4.979e-04 step/s=3.67
[INFO] 2026-01-25 19:47:39,017 - E006 S00200/00782 loss=0.536481 ema=0.548388 y_mean=0.535 lr=4.979e-04 step/s=3.70
[INFO] 2026-01-25 19:48:05,974 - E006 S00300/00782 loss=0.544271 ema=0.551825 y_mean=0.532 lr=4.979e-04 step/s=3.71
[INFO] 2026-01-25 19:48:32,778 - E006 S00400/00782 loss=0.555963 ema=0.552829 y_mean=0.509 lr=4.979e-04 step/s=3.71
[INFO] 2026-01-25 19:48:59,779 - E006 S00500/00782 loss=0.547062 ema=0.550271 y_mean=0.535 lr=4.979e-04 step/s=3.71
[INFO] 2026-01-25 19:49:26,593 - E006 S00600/00782 loss=0.558547 ema=0.550797 y_mean=0.495 lr=4.979e-04 step/s=3.71
[INFO] 2026-01-25 19:49:53,551 - E006 S00700/00782 loss=0.538107 ema=0.542993 y_mean=0.558 lr=4.979e-04 step/s=3.71
[INFO] 2026-01-25 19:58:57,573 - [VAL] thr=0.892 trades=17397 avg_rnet=0.013753 winrate=0.614
[INFO] 2026-01-25 19:58:57,573 - E006 DONE train_loss=0.550466 val_bce=0.760716 val_acc@0.5=0.5218 n_val=1615532 epoch_time_s=732.6
[INFO] 2026-01-25 19:58:58,145 - E007 S00001/00782 loss=0.528319 ema=0.528319 y_mean=0.529 lr=4.969e-04 step/s=1.77
[INFO] 2026-01-25 19:59:24,784 - E007 S00100/00782 loss=0.518529 ema=0.537396 y_mean=0.514 lr=4.969e-04 step/s=3.68
[INFO] 2026-01-25 19:59:51,712 - E007 S00200/00782 loss=0.527607 ema=0.541332 y_mean=0.523 lr=4.969e-04 step/s=3.69
[INFO] 2026-01-25 20:00:18,790 - E007 S00300/00782 loss=0.539508 ema=0.544625 y_mean=0.510 lr=4.969e-04 step/s=3.69
[INFO] 2026-01-25 20:00:45,763 - E007 S00400/00782 loss=0.554176 ema=0.541726 y_mean=0.525 lr=4.969e-04 step/s=3.70
[INFO] 2026-01-25 20:01:13,028 - E007 S00500/00782 loss=0.553537 ema=0.545591 y_mean=0.500 lr=4.969e-04 step/s=3.69
[INFO] 2026-01-25 20:01:44,400 - E007 S00600/00782 loss=0.551094 ema=0.545071 y_mean=0.504 lr=4.969e-04 step/s=3.60
[INFO] 2026-01-25 20:02:12,507 - E007 S00700/00782 loss=0.521172 ema=0.537092 y_mean=0.527 lr=4.969e-04 step/s=3.59
[INFO] 2026-01-25 20:11:24,312 - [VAL] thr=0.500 trades=835096 avg_rnet=0.000006 winrate=0.541
[INFO] 2026-01-25 20:11:24,312 - E007 DONE train_loss=0.541313 val_bce=0.805038 val_acc@0.5=0.5225 n_val=1615532 epoch_time_s=746.7
[INFO] 2026-01-25 20:11:24,696 - E008 S00001/00782 loss=0.542679 ema=0.542679 y_mean=0.537 lr=4.958e-04 step/s=2.61
[INFO] 2026-01-25 20:11:51,545 - E008 S00100/00782 loss=0.494544 ema=0.533240 y_mean=0.508 lr=4.958e-04 step/s=3.67
[INFO] 2026-01-25 20:12:18,375 - E008 S00200/00782 loss=0.537332 ema=0.531836 y_mean=0.516 lr=4.958e-04 step/s=3.70
[INFO] 2026-01-25 20:12:45,601 - E008 S00300/00782 loss=0.540382 ema=0.532929 y_mean=0.495 lr=4.958e-04 step/s=3.69
[INFO] 2026-01-25 20:13:13,066 - E008 S00400/00782 loss=0.525748 ema=0.535579 y_mean=0.511 lr=4.958e-04 step/s=3.68
[INFO] 2026-01-25 20:13:39,876 - E008 S00500/00782 loss=0.535987 ema=0.534257 y_mean=0.510 lr=4.958e-04 step/s=3.69
[INFO] 2026-01-25 20:14:06,871 - E008 S00600/00782 loss=0.521763 ema=0.535611 y_mean=0.496 lr=4.958e-04 step/s=3.69
[INFO] 2026-01-25 20:14:33,622 - E008 S00700/00782 loss=0.513618 ema=0.531887 y_mean=0.504 lr=4.958e-04 step/s=3.70
[INFO] 2026-01-25 20:23:47,542 - [VAL] thr=0.874 trades=48190 avg_rnet=0.009228 winrate=0.590
[INFO] 2026-01-25 20:23:47,548 - E008 DONE train_loss=0.533428 val_bce=0.816397 val_acc@0.5=0.5134 n_val=1615532 epoch_time_s=743.2
[INFO] 2026-01-25 20:23:47,921 - E009 S00001/00782 loss=0.550878 ema=0.550878 y_mean=0.543 lr=4.945e-04 step/s=2.68
[INFO] 2026-01-25 20:24:14,715 - E009 S00100/00782 loss=0.511652 ema=0.524021 y_mean=0.527 lr=4.945e-04 step/s=3.68
[INFO] 2026-01-25 20:24:41,565 - E009 S00200/00782 loss=0.549671 ema=0.530490 y_mean=0.520 lr=4.945e-04 step/s=3.70
[INFO] 2026-01-25 20:25:08,769 - E009 S00300/00782 loss=0.487777 ema=0.522553 y_mean=0.541 lr=4.945e-04 step/s=3.69
[INFO] 2026-01-25 20:25:36,089 - E009 S00400/00782 loss=0.533898 ema=0.530283 y_mean=0.533 lr=4.945e-04 step/s=3.69
[INFO] 2026-01-25 20:26:03,128 - E009 S00500/00782 loss=0.576387 ema=0.525681 y_mean=0.527 lr=4.945e-04 step/s=3.69
[INFO] 2026-01-25 20:26:29,885 - E009 S00600/00782 loss=0.536552 ema=0.525755 y_mean=0.536 lr=4.945e-04 step/s=3.70
[INFO] 2026-01-25 20:26:56,885 - E009 S00700/00782 loss=0.536764 ema=0.531839 y_mean=0.514 lr=4.945e-04 step/s=3.70
[INFO] 2026-01-25 20:36:07,529 - [VAL] thr=0.543 trades=927060 avg_rnet=0.000881 winrate=0.539
[INFO] 2026-01-25 20:36:07,529 - E009 DONE train_loss=0.526934 val_bce=0.821595 val_acc@0.5=0.5272 n_val=1615532 epoch_time_s=740.0
[INFO] 2026-01-25 20:36:08,090 - E010 S00001/00782 loss=0.506351 ema=0.506351 y_mean=0.485 lr=4.931e-04 step/s=1.78
[INFO] 2026-01-25 20:36:34,681 - E010 S00100/00782 loss=0.531605 ema=0.518026 y_mean=0.510 lr=4.931e-04 step/s=3.68
[INFO] 2026-01-25 20:37:02,118 - E010 S00200/00782 loss=0.528075 ema=0.524638 y_mean=0.539 lr=4.931e-04 step/s=3.66
[INFO] 2026-01-25 20:37:29,257 - E010 S00300/00782 loss=0.529370 ema=0.520475 y_mean=0.519 lr=4.931e-04 step/s=3.67
[INFO] 2026-01-25 20:37:56,379 - E010 S00400/00782 loss=0.505971 ema=0.518306 y_mean=0.485 lr=4.931e-04 step/s=3.67
[INFO] 2026-01-25 20:38:23,975 - E010 S00500/00782 loss=0.510688 ema=0.524953 y_mean=0.512 lr=4.931e-04 step/s=3.66
[INFO] 2026-01-25 20:38:50,998 - E010 S00600/00782 loss=0.505454 ema=0.519184 y_mean=0.519 lr=4.931e-04 step/s=3.67
[INFO] 2026-01-25 20:39:17,819 - E010 S00700/00782 loss=0.522277 ema=0.518578 y_mean=0.541 lr=4.931e-04 step/s=3.68
[INFO] 2026-01-25 20:48:28,880 - [VAL] thr=0.898 trades=63679 avg_rnet=0.003073 winrate=0.573
[INFO] 2026-01-25 20:48:28,880 - E010 DONE train_loss=0.520956 val_bce=0.803782 val_acc@0.5=0.5213 n_val=1615532 epoch_time_s=741.4
[INFO] 2026-01-25 20:48:29,261 - E011 S00001/00782 loss=0.504215 ema=0.504215 y_mean=0.526 lr=4.915e-04 step/s=2.64
[INFO] 2026-01-25 20:48:56,001 - E011 S00100/00782 loss=0.523681 ema=0.515701 y_mean=0.524 lr=4.915e-04 step/s=3.69
[INFO] 2026-01-25 20:49:22,854 - E011 S00200/00782 loss=0.490638 ema=0.510668 y_mean=0.514 lr=4.915e-04 step/s=3.71
[INFO] 2026-01-25 20:49:49,918 - E011 S00300/00782 loss=0.523743 ema=0.519878 y_mean=0.517 lr=4.915e-04 step/s=3.70
[INFO] 2026-01-25 20:50:17,215 - E011 S00400/00782 loss=0.526401 ema=0.517764 y_mean=0.523 lr=4.915e-04 step/s=3.69
[INFO] 2026-01-25 20:50:44,007 - E011 S00500/00782 loss=0.564444 ema=0.516003 y_mean=0.479 lr=4.915e-04 step/s=3.70
[INFO] 2026-01-25 20:51:10,971 - E011 S00600/00782 loss=0.530355 ema=0.522045 y_mean=0.526 lr=4.915e-04 step/s=3.70
[INFO] 2026-01-25 20:51:37,768 - E011 S00700/00782 loss=0.485777 ema=0.510655 y_mean=0.544 lr=4.915e-04 step/s=3.71
[INFO] 2026-01-25 21:00:49,992 - [VAL] thr=0.916 trades=36856 avg_rnet=0.009386 winrate=0.594
[INFO] 2026-01-25 21:00:50,000 - E011 DONE train_loss=0.514258 val_bce=0.773365 val_acc@0.5=0.5296 n_val=1615532 epoch_time_s=741.1
[INFO] 2026-01-25 21:00:50,364 - E012 S00001/00782 loss=0.512476 ema=0.512476 y_mean=0.531 lr=4.897e-04 step/s=2.74
[INFO] 2026-01-25 21:01:17,135 - E012 S00100/00782 loss=0.519590 ema=0.509398 y_mean=0.519 lr=4.897e-04 step/s=3.69
[INFO] 2026-01-25 21:01:43,924 - E012 S00200/00782 loss=0.522435 ema=0.510398 y_mean=0.526 lr=4.897e-04 step/s=3.71
[INFO] 2026-01-25 21:02:10,889 - E012 S00300/00782 loss=0.510062 ema=0.506461 y_mean=0.527 lr=4.897e-04 step/s=3.71
[INFO] 2026-01-25 21:02:37,708 - E012 S00400/00782 loss=0.497107 ema=0.507016 y_mean=0.495 lr=4.897e-04 step/s=3.71
[INFO] 2026-01-25 21:03:05,387 - E012 S00500/00782 loss=0.515347 ema=0.509688 y_mean=0.533 lr=4.897e-04 step/s=3.69
[INFO] 2026-01-25 21:03:32,230 - E012 S00600/00782 loss=0.509723 ema=0.507376 y_mean=0.544 lr=4.897e-04 step/s=3.70
[INFO] 2026-01-25 21:03:59,236 - E012 S00700/00782 loss=0.511681 ema=0.506936 y_mean=0.517 lr=4.897e-04 step/s=3.70
[INFO] 2026-01-25 21:13:15,697 - [VAL] thr=0.500 trades=985030 avg_rnet=0.000658 winrate=0.539
[INFO] 2026-01-25 21:13:15,697 - E012 DONE train_loss=0.508075 val_bce=0.818493 val_acc@0.5=0.5272 n_val=1615532 epoch_time_s=745.7
[INFO] 2026-01-25 21:13:16,282 - E013 S00001/00782 loss=0.508458 ema=0.508458 y_mean=0.512 lr=4.878e-04 step/s=1.71
[INFO] 2026-01-25 21:13:44,118 - E013 S00100/00782 loss=0.467443 ema=0.500524 y_mean=0.522 lr=4.878e-04 step/s=3.52
[INFO] 2026-01-25 21:14:11,269 - E013 S00200/00782 loss=0.511002 ema=0.502365 y_mean=0.489 lr=4.878e-04 step/s=3.60
[INFO] 2026-01-25 21:14:38,851 - E013 S00300/00782 loss=0.495427 ema=0.499034 y_mean=0.501 lr=4.878e-04 step/s=3.61
[INFO] 2026-01-25 21:15:05,836 - E013 S00400/00782 loss=0.503849 ema=0.498982 y_mean=0.492 lr=4.878e-04 step/s=3.63
[INFO] 2026-01-25 21:15:32,621 - E013 S00500/00782 loss=0.514022 ema=0.498964 y_mean=0.521 lr=4.878e-04 step/s=3.65
[INFO] 2026-01-25 21:15:59,618 - E013 S00600/00782 loss=0.523893 ema=0.500637 y_mean=0.536 lr=4.878e-04 step/s=3.66
[INFO] 2026-01-25 21:16:26,416 - E013 S00700/00782 loss=0.512059 ema=0.509484 y_mean=0.511 lr=4.878e-04 step/s=3.67
[INFO] 2026-01-25 21:25:36,845 - [VAL] thr=0.916 trades=98962 avg_rnet=0.007032 winrate=0.584
[INFO] 2026-01-25 21:25:36,847 - E013 DONE train_loss=0.501971 val_bce=0.860430 val_acc@0.5=0.5201 n_val=1615532 epoch_time_s=741.2
[INFO] 2026-01-25 21:25:37,221 - E014 S00001/00782 loss=0.507579 ema=0.507579 y_mean=0.510 lr=4.857e-04 step/s=2.67
[INFO] 2026-01-25 21:26:03,946 - E014 S00100/00782 loss=0.515417 ema=0.499934 y_mean=0.514 lr=4.857e-04 step/s=3.69
[INFO] 2026-01-25 21:26:30,626 - E014 S00200/00782 loss=0.507244 ema=0.497517 y_mean=0.533 lr=4.857e-04 step/s=3.72
[INFO] 2026-01-25 21:26:57,536 - E014 S00300/00782 loss=0.516833 ema=0.498587 y_mean=0.515 lr=4.857e-04 step/s=3.72
[INFO] 2026-01-25 21:27:24,410 - E014 S00400/00782 loss=0.472503 ema=0.492616 y_mean=0.543 lr=4.857e-04 step/s=3.72
[INFO] 2026-01-25 21:27:51,246 - E014 S00500/00782 loss=0.498188 ema=0.497758 y_mean=0.512 lr=4.857e-04 step/s=3.72
[INFO] 2026-01-25 21:28:18,192 - E014 S00600/00782 loss=0.501109 ema=0.493479 y_mean=0.520 lr=4.857e-04 step/s=3.72
[INFO] 2026-01-25 21:28:45,332 - E014 S00700/00782 loss=0.500901 ema=0.495771 y_mean=0.537 lr=4.857e-04 step/s=3.71
[INFO] 2026-01-25 21:37:48,503 - [VAL] thr=0.978 trades=2265 avg_rnet=0.008196 winrate=0.598
[INFO] 2026-01-25 21:37:48,503 - E014 DONE train_loss=0.496536 val_bce=0.835869 val_acc@0.5=0.5147 n_val=1615532 epoch_time_s=731.7
[INFO] 2026-01-25 21:37:48,899 - E015 S00001/00782 loss=0.510562 ema=0.510562 y_mean=0.513 lr=4.834e-04 step/s=2.52
[INFO] 2026-01-25 21:38:16,631 - E015 S00100/00782 loss=0.487298 ema=0.488689 y_mean=0.520 lr=4.834e-04 step/s=3.56
[INFO] 2026-01-25 21:38:43,410 - E015 S00200/00782 loss=0.499505 ema=0.489872 y_mean=0.526 lr=4.834e-04 step/s=3.64
[INFO] 2026-01-25 21:39:10,377 - E015 S00300/00782 loss=0.490615 ema=0.489196 y_mean=0.538 lr=4.834e-04 step/s=3.66
[INFO] 2026-01-25 21:39:37,092 - E015 S00400/00782 loss=0.489432 ema=0.496580 y_mean=0.504 lr=4.834e-04 step/s=3.68
[INFO] 2026-01-25 21:40:04,198 - E015 S00500/00782 loss=0.494782 ema=0.490551 y_mean=0.519 lr=4.834e-04 step/s=3.68
[INFO] 2026-01-25 21:40:31,043 - E015 S00600/00782 loss=0.494300 ema=0.488074 y_mean=0.511 lr=4.834e-04 step/s=3.69
[INFO] 2026-01-25 21:40:58,119 - E015 S00700/00782 loss=0.483457 ema=0.494525 y_mean=0.542 lr=4.834e-04 step/s=3.69
[INFO] 2026-01-25 21:50:04,707 - [VAL] thr=0.990 trades=569 avg_rnet=0.006494 winrate=0.564
[INFO] 2026-01-25 21:50:04,709 - E015 DONE train_loss=0.489708 val_bce=0.847153 val_acc@0.5=0.5220 n_val=1615532 epoch_time_s=736.2
[INFO] 2026-01-25 21:50:05,271 - E016 S00001/00782 loss=0.456368 ema=0.456368 y_mean=0.508 lr=4.810e-04 step/s=1.78
[INFO] 2026-01-25 21:50:31,816 - E016 S00100/00782 loss=0.472233 ema=0.484965 y_mean=0.540 lr=4.810e-04 step/s=3.69
[INFO] 2026-01-25 21:50:58,629 - E016 S00200/00782 loss=0.479836 ema=0.484811 y_mean=0.490 lr=4.810e-04 step/s=3.71
[INFO] 2026-01-25 21:51:25,319 - E016 S00300/00782 loss=0.460847 ema=0.486130 y_mean=0.511 lr=4.810e-04 step/s=3.72
[INFO] 2026-01-25 21:51:52,202 - E016 S00400/00782 loss=0.469927 ema=0.485121 y_mean=0.519 lr=4.810e-04 step/s=3.72
[INFO] 2026-01-25 21:52:18,940 - E016 S00500/00782 loss=0.478756 ema=0.484332 y_mean=0.527 lr=4.810e-04 step/s=3.72
[INFO] 2026-01-25 21:52:45,957 - E016 S00600/00782 loss=0.482141 ema=0.487124 y_mean=0.512 lr=4.810e-04 step/s=3.72
[INFO] 2026-01-25 21:53:12,970 - E016 S00700/00782 loss=0.465018 ema=0.480052 y_mean=0.514 lr=4.810e-04 step/s=3.72
[INFO] 2026-01-25 22:02:17,888 - [VAL] thr=0.959 trades=23603 avg_rnet=0.001859 winrate=0.540
[INFO] 2026-01-25 22:02:17,889 - E016 DONE train_loss=0.484230 val_bce=0.892136 val_acc@0.5=0.5163 n_val=1615532 epoch_time_s=733.2
[INFO] 2026-01-25 22:02:18,257 - E017 S00001/00782 loss=0.476025 ema=0.476025 y_mean=0.551 lr=4.784e-04 step/s=2.72
[INFO] 2026-01-25 22:02:44,964 - E017 S00100/00782 loss=0.480360 ema=0.478390 y_mean=0.497 lr=4.784e-04 step/s=3.69
[INFO] 2026-01-25 22:03:11,970 - E017 S00200/00782 loss=0.511084 ema=0.472691 y_mean=0.481 lr=4.784e-04 step/s=3.70
[INFO] 2026-01-25 22:03:38,825 - E017 S00300/00782 loss=0.479886 ema=0.476637 y_mean=0.493 lr=4.784e-04 step/s=3.71
[INFO] 2026-01-25 22:04:05,700 - E017 S00400/00782 loss=0.455144 ema=0.478392 y_mean=0.516 lr=4.784e-04 step/s=3.71
[INFO] 2026-01-25 22:04:32,471 - E017 S00500/00782 loss=0.481050 ema=0.476472 y_mean=0.521 lr=4.784e-04 step/s=3.72
[INFO] 2026-01-25 22:04:59,353 - E017 S00600/00782 loss=0.474992 ema=0.478681 y_mean=0.503 lr=4.784e-04 step/s=3.72
[INFO] 2026-01-25 22:05:26,043 - E017 S00700/00782 loss=0.471965 ema=0.480317 y_mean=0.526 lr=4.784e-04 step/s=3.72
[INFO] 2026-01-25 22:14:29,712 - [VAL] thr=0.978 trades=819 avg_rnet=0.010158 winrate=0.611
[INFO] 2026-01-25 22:14:29,713 - E017 DONE train_loss=0.478380 val_bce=0.851957 val_acc@0.5=0.5111 n_val=1615532 epoch_time_s=731.8
[INFO] 2026-01-25 22:14:30,085 - E018 S00001/00782 loss=0.480289 ema=0.480289 y_mean=0.533 lr=4.756e-04 step/s=2.73
[INFO] 2026-01-25 22:14:56,691 - E018 S00100/00782 loss=0.479425 ema=0.466646 y_mean=0.551 lr=4.756e-04 step/s=3.71
[INFO] 2026-01-25 22:15:23,347 - E018 S00200/00782 loss=0.473276 ema=0.467494 y_mean=0.494 lr=4.756e-04 step/s=3.73
[INFO] 2026-01-25 22:15:50,198 - E018 S00300/00782 loss=0.446207 ema=0.473293 y_mean=0.507 lr=4.756e-04 step/s=3.73
[INFO] 2026-01-25 22:16:16,859 - E018 S00400/00782 loss=0.466678 ema=0.471363 y_mean=0.544 lr=4.756e-04 step/s=3.73
[INFO] 2026-01-25 22:16:43,741 - E018 S00500/00782 loss=0.459948 ema=0.473046 y_mean=0.527 lr=4.756e-04 step/s=3.73
[INFO] 2026-01-25 22:17:10,455 - E018 S00600/00782 loss=0.460128 ema=0.470811 y_mean=0.496 lr=4.756e-04 step/s=3.73
[INFO] 2026-01-25 22:17:37,331 - E018 S00700/00782 loss=0.488486 ema=0.473524 y_mean=0.507 lr=4.756e-04 step/s=3.73
[INFO] 2026-01-25 22:26:42,484 - [VAL] thr=0.910 trades=111235 avg_rnet=0.002871 winrate=0.548
[INFO] 2026-01-25 22:26:42,487 - E018 DONE train_loss=0.471783 val_bce=0.892494 val_acc@0.5=0.5135 n_val=1615532 epoch_time_s=732.8
[INFO] 2026-01-25 22:26:43,050 - E019 S00001/00782 loss=0.471406 ema=0.471406 y_mean=0.496 lr=4.728e-04 step/s=1.78
[INFO] 2026-01-25 22:27:09,505 - E019 S00100/00782 loss=0.471452 ema=0.459468 y_mean=0.491 lr=4.728e-04 step/s=3.70
[INFO] 2026-01-25 22:27:36,335 - E019 S00200/00782 loss=0.487302 ema=0.461648 y_mean=0.521 lr=4.728e-04 step/s=3.71
[INFO] 2026-01-25 22:28:03,549 - E019 S00300/00782 loss=0.482149 ema=0.467159 y_mean=0.513 lr=4.728e-04 step/s=3.70
[INFO] 2026-01-25 22:28:30,419 - E019 S00400/00782 loss=0.469978 ema=0.465567 y_mean=0.497 lr=4.728e-04 step/s=3.71
[INFO] 2026-01-25 22:28:57,077 - E019 S00500/00782 loss=0.441268 ema=0.470848 y_mean=0.509 lr=4.728e-04 step/s=3.72
[INFO] 2026-01-25 22:29:23,916 - E019 S00600/00782 loss=0.494450 ema=0.461924 y_mean=0.490 lr=4.728e-04 step/s=3.72
[INFO] 2026-01-25 22:29:50,652 - E019 S00700/00782 loss=0.486666 ema=0.470855 y_mean=0.482 lr=4.728e-04 step/s=3.72
[INFO] 2026-01-25 22:38:56,800 - [VAL] thr=0.947 trades=73428 avg_rnet=0.007346 winrate=0.564
[INFO] 2026-01-25 22:38:56,800 - E019 DONE train_loss=0.465644 val_bce=0.898217 val_acc@0.5=0.5201 n_val=1615532 epoch_time_s=734.3
[INFO] 2026-01-25 22:38:57,166 - E020 S00001/00782 loss=0.472735 ema=0.472735 y_mean=0.484 lr=4.697e-04 step/s=2.73
[INFO] 2026-01-25 22:39:23,791 - E020 S00100/00782 loss=0.459207 ema=0.454290 y_mean=0.541 lr=4.697e-04 step/s=3.71
[INFO] 2026-01-25 22:39:50,445 - E020 S00200/00782 loss=0.459146 ema=0.457087 y_mean=0.541 lr=4.697e-04 step/s=3.73
[INFO] 2026-01-25 22:40:17,552 - E020 S00300/00782 loss=0.478113 ema=0.464117 y_mean=0.514 lr=4.697e-04 step/s=3.72
[INFO] 2026-01-25 22:40:44,379 - E020 S00400/00782 loss=0.473727 ema=0.463023 y_mean=0.480 lr=4.697e-04 step/s=3.72
[INFO] 2026-01-25 22:41:11,002 - E020 S00500/00782 loss=0.450516 ema=0.460166 y_mean=0.512 lr=4.697e-04 step/s=3.73
[INFO] 2026-01-25 22:41:37,803 - E020 S00600/00782 loss=0.432672 ema=0.455085 y_mean=0.530 lr=4.697e-04 step/s=3.73
[INFO] 2026-01-25 22:42:04,977 - E020 S00700/00782 loss=0.440196 ema=0.459327 y_mean=0.485 lr=4.697e-04 step/s=3.72
[INFO] 2026-01-25 22:51:07,343 - [VAL] thr=0.990 trades=2311 avg_rnet=0.004479 winrate=0.548
[INFO] 2026-01-25 22:51:07,345 - E020 DONE train_loss=0.459396 val_bce=0.887101 val_acc@0.5=0.5153 n_val=1615532 epoch_time_s=730.5
[INFO] 2026-01-25 22:51:07,713 - E021 S00001/00782 loss=0.432024 ema=0.432024 y_mean=0.520 lr=4.665e-04 step/s=2.72
[INFO] 2026-01-25 22:51:34,340 - E021 S00100/00782 loss=0.445044 ema=0.445186 y_mean=0.526 lr=4.665e-04 step/s=3.70
[INFO] 2026-01-25 22:52:00,988 - E021 S00200/00782 loss=0.452367 ema=0.453419 y_mean=0.508 lr=4.665e-04 step/s=3.73
[INFO] 2026-01-25 22:52:28,056 - E021 S00300/00782 loss=0.439395 ema=0.453009 y_mean=0.541 lr=4.665e-04 step/s=3.72
[INFO] 2026-01-25 22:52:54,737 - E021 S00400/00782 loss=0.460566 ema=0.455764 y_mean=0.543 lr=4.665e-04 step/s=3.72
[INFO] 2026-01-25 22:53:21,802 - E021 S00500/00782 loss=0.485004 ema=0.456667 y_mean=0.510 lr=4.665e-04 step/s=3.72
[INFO] 2026-01-25 22:53:48,755 - E021 S00600/00782 loss=0.455056 ema=0.455464 y_mean=0.514 lr=4.665e-04 step/s=3.72
[INFO] 2026-01-25 22:54:15,605 - E021 S00700/00782 loss=0.439198 ema=0.455653 y_mean=0.537 lr=4.665e-04 step/s=3.72
[INFO] 2026-01-25 23:03:20,906 - [VAL] thr=0.794 trades=336486 avg_rnet=0.001683 winrate=0.545
[INFO] 2026-01-25 23:03:20,906 - E021 DONE train_loss=0.453646 val_bce=0.876690 val_acc@0.5=0.5190 n_val=1615532 epoch_time_s=733.6
[INFO] 2026-01-25 23:03:21,478 - E022 S00001/00782 loss=0.431597 ema=0.431597 y_mean=0.506 lr=4.632e-04 step/s=1.75
[INFO] 2026-01-25 23:03:47,887 - E022 S00100/00782 loss=0.464851 ema=0.443858 y_mean=0.510 lr=4.632e-04 step/s=3.71
[INFO] 2026-01-25 23:04:14,746 - E022 S00200/00782 loss=0.417177 ema=0.442444 y_mean=0.549 lr=4.632e-04 step/s=3.71
[INFO] 2026-01-25 23:04:41,388 - E022 S00300/00782 loss=0.437826 ema=0.448470 y_mean=0.514 lr=4.632e-04 step/s=3.73
[INFO] 2026-01-25 23:05:08,249 - E022 S00400/00782 loss=0.448602 ema=0.445405 y_mean=0.502 lr=4.632e-04 step/s=3.73
[INFO] 2026-01-25 23:05:34,901 - E022 S00500/00782 loss=0.429499 ema=0.454866 y_mean=0.490 lr=4.632e-04 step/s=3.73
[INFO] 2026-01-25 23:06:01,700 - E022 S00600/00782 loss=0.438071 ema=0.447181 y_mean=0.521 lr=4.632e-04 step/s=3.73
[INFO] 2026-01-25 23:06:28,366 - E022 S00700/00782 loss=0.467748 ema=0.447743 y_mean=0.532 lr=4.632e-04 step/s=3.73
[INFO] 2026-01-25 23:15:31,564 - [VAL] thr=0.990 trades=2068 avg_rnet=0.013345 winrate=0.598
[INFO] 2026-01-25 23:15:31,565 - E022 DONE train_loss=0.447295 val_bce=0.865719 val_acc@0.5=0.5157 n_val=1615532 epoch_time_s=730.7
[INFO] 2026-01-25 23:15:31,933 - E023 S00001/00782 loss=0.462596 ema=0.462596 y_mean=0.506 lr=4.597e-04 step/s=2.71
[INFO] 2026-01-25 23:15:58,907 - E023 S00100/00782 loss=0.413911 ema=0.438826 y_mean=0.528 lr=4.597e-04 step/s=3.66
[INFO] 2026-01-25 23:16:25,681 - E023 S00200/00782 loss=0.462089 ema=0.439751 y_mean=0.531 lr=4.597e-04 step/s=3.70
[INFO] 2026-01-25 23:16:52,533 - E023 S00300/00782 loss=0.428049 ema=0.443294 y_mean=0.522 lr=4.597e-04 step/s=3.71
[INFO] 2026-01-25 23:17:19,400 - E023 S00400/00782 loss=0.424836 ema=0.435365 y_mean=0.511 lr=4.597e-04 step/s=3.71
[INFO] 2026-01-25 23:17:46,073 - E023 S00500/00782 loss=0.433589 ema=0.443223 y_mean=0.511 lr=4.597e-04 step/s=3.72
[INFO] 2026-01-25 23:18:12,954 - E023 S00600/00782 loss=0.447376 ema=0.442578 y_mean=0.527 lr=4.597e-04 step/s=3.72
[INFO] 2026-01-25 23:18:39,627 - E023 S00700/00782 loss=0.454052 ema=0.446012 y_mean=0.532 lr=4.597e-04 step/s=3.72
[INFO] 2026-01-25 23:27:44,417 - [VAL] thr=0.990 trades=4352 avg_rnet=0.006358 winrate=0.589
[INFO] 2026-01-25 23:27:44,419 - E023 DONE train_loss=0.441717 val_bce=0.881291 val_acc@0.5=0.5237 n_val=1615532 epoch_time_s=732.9
[INFO] 2026-01-25 23:27:44,796 - E024 S00001/00782 loss=0.456624 ema=0.456624 y_mean=0.521 lr=4.560e-04 step/s=2.65
[INFO] 2026-01-25 23:28:11,403 - E024 S00100/00782 loss=0.414726 ema=0.429358 y_mean=0.502 lr=4.560e-04 step/s=3.71
[INFO] 2026-01-25 23:28:38,079 - E024 S00200/00782 loss=0.417475 ema=0.434075 y_mean=0.510 lr=4.560e-04 step/s=3.73
[INFO] 2026-01-25 23:29:06,085 - E024 S00300/00782 loss=0.432922 ema=0.435968 y_mean=0.511 lr=4.560e-04 step/s=3.67
[INFO] 2026-01-25 23:29:32,770 - E024 S00400/00782 loss=0.448099 ema=0.437574 y_mean=0.516 lr=4.560e-04 step/s=3.69
[INFO] 2026-01-25 23:29:59,620 - E024 S00500/00782 loss=0.459819 ema=0.439408 y_mean=0.553 lr=4.560e-04 step/s=3.70
[INFO] 2026-01-25 23:30:26,797 - E024 S00600/00782 loss=0.448482 ema=0.441761 y_mean=0.515 lr=4.560e-04 step/s=3.70
[INFO] 2026-01-25 23:30:53,802 - E024 S00700/00782 loss=0.427637 ema=0.436507 y_mean=0.509 lr=4.560e-04 step/s=3.70
[INFO] 2026-01-25 23:40:03,048 - [VAL] thr=0.947 trades=58200 avg_rnet=0.003770 winrate=0.575
[INFO] 2026-01-25 23:40:03,048 - E024 DONE train_loss=0.436074 val_bce=0.958195 val_acc@0.5=0.5209 n_val=1615532 epoch_time_s=738.6
[INFO] 2026-01-25 23:40:03,748 - E025 S00001/00782 loss=0.453454 ema=0.453454 y_mean=0.513 lr=4.523e-04 step/s=1.43
[INFO] 2026-01-25 23:40:30,320 - E025 S00100/00782 loss=0.392678 ema=0.421254 y_mean=0.541 lr=4.523e-04 step/s=3.67
[INFO] 2026-01-25 23:40:57,341 - E025 S00200/00782 loss=0.409824 ema=0.428628 y_mean=0.518 lr=4.523e-04 step/s=3.68
[INFO] 2026-01-25 23:41:23,974 - E025 S00300/00782 loss=0.461621 ema=0.434188 y_mean=0.530 lr=4.523e-04 step/s=3.71
[INFO] 2026-01-25 23:41:50,756 - E025 S00400/00782 loss=0.422585 ema=0.430212 y_mean=0.516 lr=4.523e-04 step/s=3.71
[INFO] 2026-01-25 23:42:17,398 - E025 S00500/00782 loss=0.408935 ema=0.431541 y_mean=0.519 lr=4.523e-04 step/s=3.72
[INFO] 2026-01-25 23:42:44,229 - E025 S00600/00782 loss=0.424057 ema=0.429691 y_mean=0.475 lr=4.523e-04 step/s=3.72
[INFO] 2026-01-25 23:43:10,889 - E025 S00700/00782 loss=0.462153 ema=0.431728 y_mean=0.490 lr=4.523e-04 step/s=3.73
[INFO] 2026-01-25 23:52:11,211 - [VAL] thr=0.990 trades=2835 avg_rnet=0.002476 winrate=0.549
[INFO] 2026-01-25 23:52:11,211 - E025 DONE train_loss=0.430602 val_bce=0.891028 val_acc@0.5=0.5190 n_val=1615532 epoch_time_s=728.2
[INFO] 2026-01-25 23:52:11,594 - E026 S00001/00782 loss=0.440764 ema=0.440764 y_mean=0.523 lr=4.483e-04 step/s=2.71
[INFO] 2026-01-25 23:52:38,238 - E026 S00100/00782 loss=0.417016 ema=0.421752 y_mean=0.521 lr=4.483e-04 step/s=3.70
[INFO] 2026-01-25 23:53:05,415 - E026 S00200/00782 loss=0.411099 ema=0.421800 y_mean=0.512 lr=4.483e-04 step/s=3.69
[INFO] 2026-01-25 23:53:32,253 - E026 S00300/00782 loss=0.432878 ema=0.424472 y_mean=0.518 lr=4.483e-04 step/s=3.70
[INFO] 2026-01-25 23:53:59,045 - E026 S00400/00782 loss=0.425303 ema=0.421148 y_mean=0.514 lr=4.483e-04 step/s=3.71
[INFO] 2026-01-25 23:54:25,789 - E026 S00500/00782 loss=0.431211 ema=0.423793 y_mean=0.494 lr=4.483e-04 step/s=3.72
[INFO] 2026-01-25 23:54:52,597 - E026 S00600/00782 loss=0.416397 ema=0.423517 y_mean=0.520 lr=4.483e-04 step/s=3.72
[INFO] 2026-01-25 23:55:19,273 - E026 S00700/00782 loss=0.416479 ema=0.428204 y_mean=0.521 lr=4.483e-04 step/s=3.72
[INFO] 2026-01-26 00:04:25,012 - [VAL] thr=0.978 trades=10428 avg_rnet=0.009907 winrate=0.593
[INFO] 2026-01-26 00:04:25,013 - E026 DONE train_loss=0.424147 val_bce=0.884689 val_acc@0.5=0.5158 n_val=1615532 epoch_time_s=733.8
[INFO] 2026-01-26 00:04:25,408 - E027 S00001/00782 loss=0.403444 ema=0.403444 y_mean=0.525 lr=4.443e-04 step/s=2.53
[INFO] 2026-01-26 00:04:52,032 - E027 S00100/00782 loss=0.447422 ema=0.415636 y_mean=0.514 lr=4.443e-04 step/s=3.70
[INFO] 2026-01-26 00:05:18,654 - E027 S00200/00782 loss=0.455467 ema=0.425304 y_mean=0.520 lr=4.443e-04 step/s=3.73
[INFO] 2026-01-26 00:05:45,463 - E027 S00300/00782 loss=0.397133 ema=0.417130 y_mean=0.525 lr=4.443e-04 step/s=3.73
[INFO] 2026-01-26 00:06:12,064 - E027 S00400/00782 loss=0.429189 ema=0.422079 y_mean=0.502 lr=4.443e-04 step/s=3.74
[INFO] 2026-01-26 00:06:38,934 - E027 S00500/00782 loss=0.407412 ema=0.421762 y_mean=0.518 lr=4.443e-04 step/s=3.73
[INFO] 2026-01-26 00:07:05,688 - E027 S00600/00782 loss=0.465599 ema=0.425907 y_mean=0.527 lr=4.443e-04 step/s=3.73
[INFO] 2026-01-26 00:07:32,530 - E027 S00700/00782 loss=0.426230 ema=0.425545 y_mean=0.538 lr=4.443e-04 step/s=3.73
[INFO] 2026-01-26 00:16:38,172 - [VAL] thr=0.965 trades=59468 avg_rnet=0.005499 winrate=0.571
[INFO] 2026-01-26 00:16:38,174 - E027 DONE train_loss=0.419602 val_bce=0.970143 val_acc@0.5=0.5190 n_val=1615532 epoch_time_s=733.2
[INFO] 2026-01-26 00:16:38,748 - E028 S00001/00782 loss=0.425123 ema=0.425123 y_mean=0.498 lr=4.401e-04 step/s=1.74
[INFO] 2026-01-26 00:17:05,213 - E028 S00100/00782 loss=0.441062 ema=0.411623 y_mean=0.489 lr=4.401e-04 step/s=3.70
[INFO] 2026-01-26 00:17:32,058 - E028 S00200/00782 loss=0.414048 ema=0.409798 y_mean=0.520 lr=4.401e-04 step/s=3.71
[INFO] 2026-01-26 00:17:58,692 - E028 S00300/00782 loss=0.415112 ema=0.416065 y_mean=0.497 lr=4.401e-04 step/s=3.73
[INFO] 2026-01-26 00:18:25,546 - E028 S00400/00782 loss=0.406641 ema=0.412556 y_mean=0.489 lr=4.401e-04 step/s=3.73
[INFO] 2026-01-26 00:18:52,247 - E028 S00500/00782 loss=0.369890 ema=0.414590 y_mean=0.490 lr=4.401e-04 step/s=3.73
[INFO] 2026-01-26 00:19:19,572 - E028 S00600/00782 loss=0.428688 ema=0.418329 y_mean=0.509 lr=4.401e-04 step/s=3.72
[INFO] 2026-01-26 00:19:46,300 - E028 S00700/00782 loss=0.417192 ema=0.421830 y_mean=0.491 lr=4.401e-04 step/s=3.72
[INFO] 2026-01-26 00:29:06,009 - [VAL] thr=0.990 trades=14987 avg_rnet=0.009236 winrate=0.583
[INFO] 2026-01-26 00:29:06,009 - E028 DONE train_loss=0.413958 val_bce=0.993170 val_acc@0.5=0.5163 n_val=1615532 epoch_time_s=747.8
[INFO] 2026-01-26 00:29:06,385 - E029 S00001/00782 loss=0.392377 ema=0.392377 y_mean=0.522 lr=4.358e-04 step/s=2.66
[INFO] 2026-01-26 00:29:32,967 - E029 S00100/00782 loss=0.401230 ema=0.400821 y_mean=0.496 lr=4.358e-04 step/s=3.71
[INFO] 2026-01-26 00:29:59,629 - E029 S00200/00782 loss=0.424936 ema=0.402651 y_mean=0.506 lr=4.358e-04 step/s=3.73
[INFO] 2026-01-26 00:30:26,718 - E029 S00300/00782 loss=0.428351 ema=0.405112 y_mean=0.550 lr=4.358e-04 step/s=3.72
[INFO] 2026-01-26 00:30:53,540 - E029 S00400/00782 loss=0.399481 ema=0.407564 y_mean=0.510 lr=4.358e-04 step/s=3.72
[INFO] 2026-01-26 00:31:20,281 - E029 S00500/00782 loss=0.419750 ema=0.412713 y_mean=0.492 lr=4.358e-04 step/s=3.72
[INFO] 2026-01-26 00:31:47,176 - E029 S00600/00782 loss=0.400517 ema=0.408217 y_mean=0.521 lr=4.358e-04 step/s=3.72
[INFO] 2026-01-26 00:32:13,815 - E029 S00700/00782 loss=0.426194 ema=0.414162 y_mean=0.521 lr=4.358e-04 step/s=3.73
[INFO] 2026-01-26 00:41:20,927 - [VAL] thr=0.910 trades=163965 avg_rnet=0.002376 winrate=0.564
[INFO] 2026-01-26 00:41:20,929 - E029 DONE train_loss=0.408438 val_bce=0.986178 val_acc@0.5=0.5183 n_val=1615532 epoch_time_s=734.9
[INFO] 2026-01-26 00:41:21,310 - E030 S00001/00782 loss=0.386725 ema=0.386725 y_mean=0.489 lr=4.313e-04 step/s=2.62
[INFO] 2026-01-26 00:41:47,923 - E030 S00100/00782 loss=0.380327 ema=0.395396 y_mean=0.492 lr=4.313e-04 step/s=3.70
[INFO] 2026-01-26 00:42:14,595 - E030 S00200/00782 loss=0.381505 ema=0.399049 y_mean=0.544 lr=4.313e-04 step/s=3.73
[INFO] 2026-01-26 00:42:41,435 - E030 S00300/00782 loss=0.413216 ema=0.401570 y_mean=0.523 lr=4.313e-04 step/s=3.73
[INFO] 2026-01-26 00:43:08,089 - E030 S00400/00782 loss=0.383146 ema=0.403633 y_mean=0.522 lr=4.313e-04 step/s=3.73
[INFO] 2026-01-26 00:43:34,953 - E030 S00500/00782 loss=0.399065 ema=0.401496 y_mean=0.511 lr=4.313e-04 step/s=3.73
[INFO] 2026-01-26 00:44:01,622 - E030 S00600/00782 loss=0.428361 ema=0.404722 y_mean=0.523 lr=4.313e-04 step/s=3.73
[INFO] 2026-01-26 00:44:28,647 - E030 S00700/00782 loss=0.418758 ema=0.408383 y_mean=0.513 lr=4.313e-04 step/s=3.73
[INFO] 2026-01-26 00:53:33,363 - [VAL] thr=0.990 trades=12240 avg_rnet=0.007253 winrate=0.580
[INFO] 2026-01-26 00:53:33,369 - E030 DONE train_loss=0.402825 val_bce=1.034688 val_acc@0.5=0.5162 n_val=1615532 epoch_time_s=732.4
[INFO] 2026-01-26 00:53:33,369 - [EARLY STOP] epoch=30 no_improve=30 best_val_avg_rnet=0.088328
[INFO] best model saved: C:\Users\stewe67\PycharmProjects\FilteredTest\runs_full_trial107_seed20264121\best_model.pt (best_val_avg_rnet=0.088328)
[INFO] 2026-01-26 00:57:44,984 - [VAL] chosen threshold: thr=0.720 | trades=316 | winrate=0.826 | avg_rnet=0.088328
[TEST] bce=0.7216 acc@0.5=0.5103 n_test=1617230
[TEST] trading@thr=0.720 | trades=539 | winrate=0.481
[DONE]
328
[2026-01-26T01:06:28] END rc=0
