
==========================================================================================
[2026-01-22T06:32:50] START trial=107 seed=20262121
CMD: C:\Users\stewe67\PycharmProjects\FilteredTest\.venv\Scripts\python.exe C:\Users\stewe67\PycharmProjects\FilteredTest\main.py --dataset C:\Users\stewe67\PycharmProjects\FilteredTest\dataset\dataset_2026-01-13_masked.npy --mask C:\Users\stewe67\PycharmProjects\FilteredTest\dataset\mask_2026-01-13_masked.npy --assets C:\Users\stewe67\PycharmProjects\FilteredTest\dataset\assets_2026-01-13.txt --dates C:\Users\stewe67\PycharmProjects\FilteredTest\dataset\dates_2026-01-13.txt --features C:\Users\stewe67\PycharmProjects\FilteredTest\dataset\features_2026-01-13.json --cfg C:\Users\stewe67\PycharmProjects\FilteredTest\runs_tcn_sweep_robust\sweep\trial_0107\cfg.json --outdir C:\Users\stewe67\PycharmProjects\FilteredTest\runs_full_trial107_seed20262121 --epochs 120 --seed 20262121 --max_anchors_val 0 --early_stop_min_epochs 30 --early_stop_patience 12
[INFO] 2026-01-22 06:32:58,802 - device=cuda
[INFO] loaded cube: A=2395, T=7000, F=25
[INFO] time split: train=[0,4899] val=[4900,5949] test=[5950,6999]
[INFO] date ranges: train 1999-01-04..2017-10-13 | val 2017-10-16..2021-10-22 | test 2021-10-25..2025-10-31
[INFO] applied masked standardization using train-only statistics
[INFO] asset_keep: 2395/2395 assets remain after mask-only filter
[INFO] samples: train=800000 val=1615532 test=1617230
[INFO] 2026-01-22 06:33:39,634 - training start
[INFO] 2026-01-22 06:33:42,300 - E001 S00001/00782 loss=0.708695 ema=0.708695 y_mean=0.512 lr=5.000e-04 step/s=0.38
[INFO] 2026-01-22 06:34:08,207 - E001 S00100/00782 loss=0.691344 ema=0.692307 y_mean=0.521 lr=5.000e-04 step/s=3.50
[INFO] 2026-01-22 06:34:34,469 - E001 S00200/00782 loss=0.692895 ema=0.691494 y_mean=0.500 lr=5.000e-04 step/s=3.65
[INFO] 2026-01-22 06:35:00,717 - E001 S00300/00782 loss=0.690499 ema=0.691212 y_mean=0.524 lr=5.000e-04 step/s=3.70
[INFO] 2026-01-22 06:35:27,071 - E001 S00400/00782 loss=0.689782 ema=0.690655 y_mean=0.520 lr=5.000e-04 step/s=3.72
[INFO] 2026-01-22 06:35:53,236 - E001 S00500/00782 loss=0.681099 ema=0.689024 y_mean=0.548 lr=5.000e-04 step/s=3.74
[INFO] 2026-01-22 06:36:19,591 - E001 S00600/00782 loss=0.689270 ema=0.689652 y_mean=0.552 lr=5.000e-04 step/s=3.75
[INFO] 2026-01-22 06:36:45,762 - E001 S00700/00782 loss=0.689343 ema=0.689028 y_mean=0.522 lr=5.000e-04 step/s=3.76
[INFO] 2026-01-22 06:45:48,128 - [VAL] thr=0.629 trades=613 avg_rnet=0.013555 winrate=0.630
[INFO] 2026-01-22 06:45:48,128 - E001 DONE train_loss=0.691877 val_bce=0.693298 val_acc@0.5=0.5230 n_val=1615532 epoch_time_s=728.5
[INFO] 2026-01-22 06:45:48,182 - [CKPT] saved best_model.pt (best_val_avg_rnet=0.013555, trades=613, thr=0.629)
[INFO] 2026-01-22 06:45:48,599 - E002 S00001/00782 loss=0.685656 ema=0.685656 y_mean=0.496 lr=4.999e-04 step/s=2.50
[INFO] 2026-01-22 06:46:15,236 - E002 S00100/00782 loss=0.685550 ema=0.688305 y_mean=0.515 lr=4.999e-04 step/s=3.70
[INFO] 2026-01-22 06:46:41,866 - E002 S00200/00782 loss=0.696296 ema=0.688684 y_mean=0.509 lr=4.999e-04 step/s=3.73
[INFO] 2026-01-22 06:47:08,659 - E002 S00300/00782 loss=0.687679 ema=0.688442 y_mean=0.533 lr=4.999e-04 step/s=3.73
[INFO] 2026-01-22 06:47:35,263 - E002 S00400/00782 loss=0.687955 ema=0.687621 y_mean=0.480 lr=4.999e-04 step/s=3.74
[INFO] 2026-01-22 06:48:02,148 - E002 S00500/00782 loss=0.689413 ema=0.687122 y_mean=0.496 lr=4.999e-04 step/s=3.73
[INFO] 2026-01-22 06:48:29,176 - E002 S00600/00782 loss=0.687442 ema=0.685375 y_mean=0.536 lr=4.999e-04 step/s=3.73
[INFO] 2026-01-22 06:48:55,898 - E002 S00700/00782 loss=0.689865 ema=0.685730 y_mean=0.508 lr=4.999e-04 step/s=3.73
[INFO] 2026-01-22 06:57:59,581 - [VAL] thr=0.616 trades=255 avg_rnet=0.026610 winrate=0.702
[INFO] 2026-01-22 06:57:59,588 - E002 DONE train_loss=0.687534 val_bce=0.692449 val_acc@0.5=0.5189 n_val=1615532 epoch_time_s=731.4
[INFO] 2026-01-22 06:57:59,642 - [CKPT] saved best_model.pt (best_val_avg_rnet=0.026610, trades=255, thr=0.616)
[INFO] 2026-01-22 06:58:00,007 - E003 S00001/00782 loss=0.685165 ema=0.685165 y_mean=0.540 lr=4.997e-04 step/s=2.74
[INFO] 2026-01-22 06:58:26,651 - E003 S00100/00782 loss=0.681047 ema=0.680882 y_mean=0.521 lr=4.997e-04 step/s=3.70
[INFO] 2026-01-22 06:58:53,573 - E003 S00200/00782 loss=0.677644 ema=0.674456 y_mean=0.529 lr=4.997e-04 step/s=3.71
[INFO] 2026-01-22 06:59:20,427 - E003 S00300/00782 loss=0.667724 ema=0.668114 y_mean=0.524 lr=4.997e-04 step/s=3.71
[INFO] 2026-01-22 06:59:47,064 - E003 S00400/00782 loss=0.662771 ema=0.663963 y_mean=0.549 lr=4.997e-04 step/s=3.72
[INFO] 2026-01-22 07:00:13,882 - E003 S00500/00782 loss=0.660782 ema=0.657585 y_mean=0.537 lr=4.997e-04 step/s=3.72
[INFO] 2026-01-22 07:00:40,522 - E003 S00600/00782 loss=0.645290 ema=0.649945 y_mean=0.528 lr=4.997e-04 step/s=3.73
[INFO] 2026-01-22 07:01:07,402 - E003 S00700/00782 loss=0.650901 ema=0.642281 y_mean=0.514 lr=4.997e-04 step/s=3.73
[INFO] 2026-01-22 07:10:08,760 - [VAL] thr=0.886 trades=431 avg_rnet=0.041411 winrate=0.703
[INFO] 2026-01-22 07:10:08,765 - E003 DONE train_loss=0.660939 val_bce=0.739568 val_acc@0.5=0.5249 n_val=1615532 epoch_time_s=729.1
[INFO] 2026-01-22 07:10:08,824 - [CKPT] saved best_model.pt (best_val_avg_rnet=0.041411, trades=431, thr=0.886)
[INFO] 2026-01-22 07:10:09,193 - E004 S00001/00782 loss=0.630432 ema=0.630432 y_mean=0.521 lr=4.992e-04 step/s=2.71
[INFO] 2026-01-22 07:10:35,839 - E004 S00100/00782 loss=0.607879 ema=0.624205 y_mean=0.511 lr=4.992e-04 step/s=3.70
[INFO] 2026-01-22 07:11:02,733 - E004 S00200/00782 loss=0.622043 ema=0.616357 y_mean=0.509 lr=4.992e-04 step/s=3.71
[INFO] 2026-01-22 07:11:29,367 - E004 S00300/00782 loss=0.624040 ema=0.614460 y_mean=0.563 lr=4.992e-04 step/s=3.72
[INFO] 2026-01-22 07:11:56,209 - E004 S00400/00782 loss=0.609046 ema=0.605940 y_mean=0.497 lr=4.992e-04 step/s=3.72
[INFO] 2026-01-22 07:12:22,886 - E004 S00500/00782 loss=0.611267 ema=0.602634 y_mean=0.503 lr=4.992e-04 step/s=3.73
[INFO] 2026-01-22 07:12:49,746 - E004 S00600/00782 loss=0.601804 ema=0.596223 y_mean=0.522 lr=4.992e-04 step/s=3.73
[INFO] 2026-01-22 07:13:16,439 - E004 S00700/00782 loss=0.580603 ema=0.588904 y_mean=0.505 lr=4.992e-04 step/s=3.73
[INFO] 2026-01-22 07:22:18,014 - [VAL] thr=0.935 trades=11365 avg_rnet=0.009624 winrate=0.602
[INFO] 2026-01-22 07:22:18,014 - E004 DONE train_loss=0.606552 val_bce=0.796401 val_acc@0.5=0.5247 n_val=1615532 epoch_time_s=729.2
[INFO] 2026-01-22 07:22:18,386 - E005 S00001/00782 loss=0.603800 ema=0.603800 y_mean=0.546 lr=4.986e-04 step/s=2.69
[INFO] 2026-01-22 07:22:44,967 - E005 S00100/00782 loss=0.575870 ema=0.582242 y_mean=0.537 lr=4.986e-04 step/s=3.71
[INFO] 2026-01-22 07:23:11,573 - E005 S00200/00782 loss=0.565307 ema=0.572598 y_mean=0.529 lr=4.986e-04 step/s=3.73
[INFO] 2026-01-22 07:23:38,529 - E005 S00300/00782 loss=0.563396 ema=0.581543 y_mean=0.521 lr=4.986e-04 step/s=3.73
[INFO] 2026-01-22 07:24:05,333 - E005 S00400/00782 loss=0.570525 ema=0.573149 y_mean=0.503 lr=4.986e-04 step/s=3.73
[INFO] 2026-01-22 07:24:31,977 - E005 S00500/00782 loss=0.547843 ema=0.568815 y_mean=0.505 lr=4.986e-04 step/s=3.73
[INFO] 2026-01-22 07:24:58,812 - E005 S00600/00782 loss=0.567691 ema=0.571459 y_mean=0.511 lr=4.986e-04 step/s=3.73
[INFO] 2026-01-22 07:25:25,454 - E005 S00700/00782 loss=0.558467 ema=0.567051 y_mean=0.543 lr=4.986e-04 step/s=3.73
[INFO] 2026-01-22 07:34:26,640 - [VAL] thr=0.714 trades=199603 avg_rnet=0.000867 winrate=0.569
[INFO] 2026-01-22 07:34:26,648 - E005 DONE train_loss=0.574857 val_bce=0.732978 val_acc@0.5=0.5266 n_val=1615532 epoch_time_s=728.6
[INFO] 2026-01-22 07:34:27,018 - E006 S00001/00782 loss=0.562318 ema=0.562318 y_mean=0.519 lr=4.979e-04 step/s=2.71
[INFO] 2026-01-22 07:34:53,749 - E006 S00100/00782 loss=0.593384 ema=0.560935 y_mean=0.520 lr=4.979e-04 step/s=3.69
[INFO] 2026-01-22 07:35:20,333 - E006 S00200/00782 loss=0.556854 ema=0.560798 y_mean=0.532 lr=4.979e-04 step/s=3.73
[INFO] 2026-01-22 07:35:47,821 - E006 S00300/00782 loss=0.550287 ema=0.558376 y_mean=0.517 lr=4.979e-04 step/s=3.70
[INFO] 2026-01-22 07:36:14,447 - E006 S00400/00782 loss=0.568766 ema=0.557851 y_mean=0.518 lr=4.979e-04 step/s=3.71
[INFO] 2026-01-22 07:36:41,251 - E006 S00500/00782 loss=0.542086 ema=0.560153 y_mean=0.531 lr=4.979e-04 step/s=3.71
[INFO] 2026-01-22 07:37:07,940 - E006 S00600/00782 loss=0.547008 ema=0.560461 y_mean=0.505 lr=4.979e-04 step/s=3.72
[INFO] 2026-01-22 07:37:34,850 - E006 S00700/00782 loss=0.563717 ema=0.557892 y_mean=0.520 lr=4.979e-04 step/s=3.72
[INFO] 2026-01-22 07:46:35,860 - [VAL] thr=0.665 trades=410977 avg_rnet=0.004104 winrate=0.576
[INFO] 2026-01-22 07:46:35,860 - E006 DONE train_loss=0.558440 val_bce=0.751534 val_acc@0.5=0.5368 n_val=1615532 epoch_time_s=729.2
[INFO] 2026-01-22 07:46:36,428 - E007 S00001/00782 loss=0.550909 ema=0.550909 y_mean=0.542 lr=4.969e-04 step/s=1.78
[INFO] 2026-01-22 07:47:02,946 - E007 S00100/00782 loss=0.547294 ema=0.550675 y_mean=0.527 lr=4.969e-04 step/s=3.69
[INFO] 2026-01-22 07:47:29,837 - E007 S00200/00782 loss=0.544964 ema=0.551703 y_mean=0.506 lr=4.969e-04 step/s=3.71
[INFO] 2026-01-22 07:47:56,531 - E007 S00300/00782 loss=0.567978 ema=0.547905 y_mean=0.506 lr=4.969e-04 step/s=3.72
[INFO] 2026-01-22 07:48:23,379 - E007 S00400/00782 loss=0.560918 ema=0.549969 y_mean=0.499 lr=4.969e-04 step/s=3.72
[INFO] 2026-01-22 07:48:50,144 - E007 S00500/00782 loss=0.546807 ema=0.546164 y_mean=0.534 lr=4.969e-04 step/s=3.72
[INFO] 2026-01-22 07:49:16,935 - E007 S00600/00782 loss=0.538591 ema=0.544213 y_mean=0.506 lr=4.969e-04 step/s=3.72
[INFO] 2026-01-22 07:49:43,539 - E007 S00700/00782 loss=0.537237 ema=0.545461 y_mean=0.519 lr=4.969e-04 step/s=3.73
[INFO] 2026-01-22 07:58:40,657 - [VAL] thr=0.525 trades=670421 avg_rnet=0.000719 winrate=0.548
[INFO] 2026-01-22 07:58:40,664 - E007 DONE train_loss=0.547448 val_bce=0.788264 val_acc@0.5=0.5217 n_val=1615532 epoch_time_s=724.8
[INFO] 2026-01-22 07:58:41,031 - E008 S00001/00782 loss=0.548976 ema=0.548976 y_mean=0.543 lr=4.958e-04 step/s=2.73
[INFO] 2026-01-22 07:59:07,558 - E008 S00100/00782 loss=0.533441 ema=0.543388 y_mean=0.526 lr=4.958e-04 step/s=3.72
[INFO] 2026-01-22 07:59:34,140 - E008 S00200/00782 loss=0.534529 ema=0.540943 y_mean=0.532 lr=4.958e-04 step/s=3.74
[INFO] 2026-01-22 08:00:00,902 - E008 S00300/00782 loss=0.550093 ema=0.542296 y_mean=0.493 lr=4.958e-04 step/s=3.74
[INFO] 2026-01-22 08:00:27,655 - E008 S00400/00782 loss=0.530657 ema=0.538741 y_mean=0.505 lr=4.958e-04 step/s=3.74
[INFO] 2026-01-22 08:00:54,304 - E008 S00500/00782 loss=0.533038 ema=0.537752 y_mean=0.512 lr=4.958e-04 step/s=3.74
[INFO] 2026-01-22 08:01:21,274 - E008 S00600/00782 loss=0.531647 ema=0.539119 y_mean=0.495 lr=4.958e-04 step/s=3.74
[INFO] 2026-01-22 08:01:47,838 - E008 S00700/00782 loss=0.517583 ema=0.537259 y_mean=0.513 lr=4.958e-04 step/s=3.74
[INFO] 2026-01-22 08:10:51,686 - [VAL] thr=0.500 trades=902674 avg_rnet=0.001165 winrate=0.550
[INFO] 2026-01-22 08:10:51,687 - E008 DONE train_loss=0.539421 val_bce=0.805990 val_acc@0.5=0.5356 n_val=1615532 epoch_time_s=731.0
[INFO] 2026-01-22 08:10:52,052 - E009 S00001/00782 loss=0.534202 ema=0.534202 y_mean=0.541 lr=4.945e-04 step/s=2.74
[INFO] 2026-01-22 08:11:18,575 - E009 S00100/00782 loss=0.511355 ema=0.528169 y_mean=0.512 lr=4.945e-04 step/s=3.72
[INFO] 2026-01-22 08:11:45,129 - E009 S00200/00782 loss=0.513658 ema=0.530808 y_mean=0.513 lr=4.945e-04 step/s=3.74
[INFO] 2026-01-22 08:12:11,934 - E009 S00300/00782 loss=0.549059 ema=0.538083 y_mean=0.524 lr=4.945e-04 step/s=3.74
[INFO] 2026-01-22 08:12:38,508 - E009 S00400/00782 loss=0.546991 ema=0.529243 y_mean=0.506 lr=4.945e-04 step/s=3.74
[INFO] 2026-01-22 08:13:05,347 - E009 S00500/00782 loss=0.539385 ema=0.535259 y_mean=0.484 lr=4.945e-04 step/s=3.74
[INFO] 2026-01-22 08:13:32,042 - E009 S00600/00782 loss=0.504206 ema=0.530884 y_mean=0.518 lr=4.945e-04 step/s=3.74
[INFO] 2026-01-22 08:13:58,854 - E009 S00700/00782 loss=0.526881 ema=0.532880 y_mean=0.498 lr=4.945e-04 step/s=3.74
[INFO] 2026-01-22 08:23:01,169 - [VAL] thr=0.635 trades=556200 avg_rnet=0.003166 winrate=0.561
[INFO] 2026-01-22 08:23:01,169 - E009 DONE train_loss=0.531805 val_bce=0.791912 val_acc@0.5=0.5297 n_val=1615532 epoch_time_s=729.5
[INFO] 2026-01-22 08:23:01,729 - E010 S00001/00782 loss=0.522260 ema=0.522260 y_mean=0.512 lr=4.931e-04 step/s=1.79
[INFO] 2026-01-22 08:23:28,069 - E010 S00100/00782 loss=0.522034 ema=0.519334 y_mean=0.516 lr=4.931e-04 step/s=3.72
[INFO] 2026-01-22 08:23:54,831 - E010 S00200/00782 loss=0.498694 ema=0.522409 y_mean=0.520 lr=4.931e-04 step/s=3.73
[INFO] 2026-01-22 08:24:21,389 - E010 S00300/00782 loss=0.523618 ema=0.525021 y_mean=0.521 lr=4.931e-04 step/s=3.74
[INFO] 2026-01-22 08:24:48,195 - E010 S00400/00782 loss=0.526414 ema=0.528069 y_mean=0.523 lr=4.931e-04 step/s=3.74
[INFO] 2026-01-22 08:25:14,838 - E010 S00500/00782 loss=0.516497 ema=0.524319 y_mean=0.498 lr=4.931e-04 step/s=3.74
[INFO] 2026-01-22 08:25:41,653 - E010 S00600/00782 loss=0.535680 ema=0.528098 y_mean=0.541 lr=4.931e-04 step/s=3.74
[INFO] 2026-01-22 08:26:08,276 - E010 S00700/00782 loss=0.528635 ema=0.522097 y_mean=0.492 lr=4.931e-04 step/s=3.74
[INFO] 2026-01-22 08:35:10,301 - [VAL] thr=0.818 trades=205202 avg_rnet=0.004949 winrate=0.571
[INFO] 2026-01-22 08:35:10,301 - E010 DONE train_loss=0.524930 val_bce=0.799909 val_acc@0.5=0.5315 n_val=1615532 epoch_time_s=729.1
[INFO] 2026-01-22 08:35:10,664 - E011 S00001/00782 loss=0.528618 ema=0.528618 y_mean=0.509 lr=4.915e-04 step/s=2.75
[INFO] 2026-01-22 08:35:37,382 - E011 S00100/00782 loss=0.511366 ema=0.517129 y_mean=0.507 lr=4.915e-04 step/s=3.69
[INFO] 2026-01-22 08:36:04,003 - E011 S00200/00782 loss=0.526113 ema=0.518855 y_mean=0.512 lr=4.915e-04 step/s=3.72
[INFO] 2026-01-22 08:36:30,771 - E011 S00300/00782 loss=0.508005 ema=0.517125 y_mean=0.537 lr=4.915e-04 step/s=3.73
[INFO] 2026-01-22 08:36:57,613 - E011 S00400/00782 loss=0.521177 ema=0.521870 y_mean=0.513 lr=4.915e-04 step/s=3.73
[INFO] 2026-01-22 08:37:24,262 - E011 S00500/00782 loss=0.513766 ema=0.516166 y_mean=0.495 lr=4.915e-04 step/s=3.73
[INFO] 2026-01-22 08:37:51,237 - E011 S00600/00782 loss=0.526619 ema=0.519511 y_mean=0.527 lr=4.915e-04 step/s=3.73
[INFO] 2026-01-22 08:38:18,351 - E011 S00700/00782 loss=0.525975 ema=0.519340 y_mean=0.545 lr=4.915e-04 step/s=3.72
[INFO] 2026-01-22 08:47:20,935 - [VAL] thr=0.978 trades=9457 avg_rnet=0.011691 winrate=0.584
[INFO] 2026-01-22 08:47:20,935 - E011 DONE train_loss=0.519052 val_bce=0.861229 val_acc@0.5=0.5336 n_val=1615532 epoch_time_s=730.6
[INFO] 2026-01-22 08:47:21,337 - E012 S00001/00782 loss=0.521946 ema=0.521946 y_mean=0.528 lr=4.897e-04 step/s=2.49
[INFO] 2026-01-22 08:47:47,944 - E012 S00100/00782 loss=0.533555 ema=0.513059 y_mean=0.519 lr=4.897e-04 step/s=3.70
[INFO] 2026-01-22 08:48:14,613 - E012 S00200/00782 loss=0.509277 ema=0.510353 y_mean=0.526 lr=4.897e-04 step/s=3.73
[INFO] 2026-01-22 08:48:41,655 - E012 S00300/00782 loss=0.490164 ema=0.508362 y_mean=0.509 lr=4.897e-04 step/s=3.72
[INFO] 2026-01-22 08:49:08,228 - E012 S00400/00782 loss=0.525573 ema=0.510362 y_mean=0.521 lr=4.897e-04 step/s=3.73
[INFO] 2026-01-22 08:49:35,151 - E012 S00500/00782 loss=0.489837 ema=0.509936 y_mean=0.516 lr=4.897e-04 step/s=3.73
[INFO] 2026-01-22 08:50:01,735 - E012 S00600/00782 loss=0.513536 ema=0.513656 y_mean=0.514 lr=4.897e-04 step/s=3.73
[INFO] 2026-01-22 08:50:28,503 - E012 S00700/00782 loss=0.524532 ema=0.516580 y_mean=0.520 lr=4.897e-04 step/s=3.73
[INFO] 2026-01-22 08:59:31,385 - [VAL] thr=0.984 trades=525 avg_rnet=0.004042 winrate=0.570
[INFO] 2026-01-22 08:59:31,385 - E012 DONE train_loss=0.512711 val_bce=0.824231 val_acc@0.5=0.5255 n_val=1615532 epoch_time_s=730.5
[INFO] 2026-01-22 08:59:31,964 - E013 S00001/00782 loss=0.503822 ema=0.503822 y_mean=0.512 lr=4.878e-04 step/s=1.74
[INFO] 2026-01-22 08:59:58,301 - E013 S00100/00782 loss=0.541029 ema=0.509882 y_mean=0.482 lr=4.878e-04 step/s=3.72
[INFO] 2026-01-22 09:00:25,041 - E013 S00200/00782 loss=0.508873 ema=0.507905 y_mean=0.548 lr=4.878e-04 step/s=3.73
[INFO] 2026-01-22 09:00:51,618 - E013 S00300/00782 loss=0.499252 ema=0.505004 y_mean=0.515 lr=4.878e-04 step/s=3.74
[INFO] 2026-01-22 09:01:18,410 - E013 S00400/00782 loss=0.502649 ema=0.510333 y_mean=0.503 lr=4.878e-04 step/s=3.74
[INFO] 2026-01-22 09:01:44,973 - E013 S00500/00782 loss=0.473988 ema=0.502203 y_mean=0.514 lr=4.878e-04 step/s=3.74
[INFO] 2026-01-22 09:02:11,771 - E013 S00600/00782 loss=0.508290 ema=0.503748 y_mean=0.534 lr=4.878e-04 step/s=3.74
[INFO] 2026-01-22 09:02:38,349 - E013 S00700/00782 loss=0.496326 ema=0.503556 y_mean=0.511 lr=4.878e-04 step/s=3.74
[INFO] 2026-01-22 09:11:42,516 - [VAL] thr=0.984 trades=210 avg_rnet=0.032188 winrate=0.700
[INFO] 2026-01-22 09:11:42,518 - E013 DONE train_loss=0.506537 val_bce=0.801049 val_acc@0.5=0.5340 n_val=1615532 epoch_time_s=731.1
[INFO] 2026-01-22 09:11:42,887 - E014 S00001/00782 loss=0.483046 ema=0.483046 y_mean=0.529 lr=4.857e-04 step/s=2.71
[INFO] 2026-01-22 09:12:09,618 - E014 S00100/00782 loss=0.503995 ema=0.500483 y_mean=0.499 lr=4.857e-04 step/s=3.69
[INFO] 2026-01-22 09:12:38,515 - E014 S00200/00782 loss=0.493260 ema=0.505288 y_mean=0.502 lr=4.857e-04 step/s=3.57
[INFO] 2026-01-22 09:13:06,081 - E014 S00300/00782 loss=0.498804 ema=0.500607 y_mean=0.530 lr=4.857e-04 step/s=3.59
[INFO] 2026-01-22 09:13:33,332 - E014 S00400/00782 loss=0.494435 ema=0.497503 y_mean=0.535 lr=4.857e-04 step/s=3.61
[INFO] 2026-01-22 09:14:00,147 - E014 S00500/00782 loss=0.476670 ema=0.504222 y_mean=0.518 lr=4.857e-04 step/s=3.63
[INFO] 2026-01-22 09:14:27,150 - E014 S00600/00782 loss=0.490407 ema=0.500350 y_mean=0.509 lr=4.857e-04 step/s=3.64
[INFO] 2026-01-22 09:14:53,964 - E014 S00700/00782 loss=0.494830 ema=0.498948 y_mean=0.506 lr=4.857e-04 step/s=3.66
[INFO] 2026-01-22 09:24:10,467 - [VAL] thr=0.825 trades=218973 avg_rnet=0.005506 winrate=0.583
[INFO] 2026-01-22 09:24:10,475 - E014 DONE train_loss=0.500591 val_bce=0.810628 val_acc@0.5=0.5314 n_val=1615532 epoch_time_s=748.0
[INFO] 2026-01-22 09:24:10,846 - E015 S00001/00782 loss=0.497464 ema=0.497464 y_mean=0.502 lr=4.834e-04 step/s=2.70
[INFO] 2026-01-22 09:24:37,509 - E015 S00100/00782 loss=0.485324 ema=0.497446 y_mean=0.513 lr=4.834e-04 step/s=3.70
[INFO] 2026-01-22 09:25:04,447 - E015 S00200/00782 loss=0.478804 ema=0.492887 y_mean=0.519 lr=4.834e-04 step/s=3.71
[INFO] 2026-01-22 09:25:31,250 - E015 S00300/00782 loss=0.488528 ema=0.490983 y_mean=0.529 lr=4.834e-04 step/s=3.71
[INFO] 2026-01-22 09:25:58,300 - E015 S00400/00782 loss=0.480168 ema=0.494342 y_mean=0.519 lr=4.834e-04 step/s=3.71
[INFO] 2026-01-22 09:26:25,459 - E015 S00500/00782 loss=0.490191 ema=0.492140 y_mean=0.538 lr=4.834e-04 step/s=3.70
[INFO] 2026-01-22 09:26:52,405 - E015 S00600/00782 loss=0.487178 ema=0.495950 y_mean=0.543 lr=4.834e-04 step/s=3.71
[INFO] 2026-01-22 09:27:19,568 - E015 S00700/00782 loss=0.496244 ema=0.495559 y_mean=0.509 lr=4.834e-04 step/s=3.70
[INFO] 2026-01-22 09:36:28,538 - [VAL] thr=0.806 trades=188629 avg_rnet=0.004904 winrate=0.576
[INFO] 2026-01-22 09:36:28,551 - E015 DONE train_loss=0.493974 val_bce=0.806893 val_acc@0.5=0.5285 n_val=1615532 epoch_time_s=738.1
[INFO] 2026-01-22 09:36:29,220 - E016 S00001/00782 loss=0.494461 ema=0.494461 y_mean=0.523 lr=4.810e-04 step/s=1.52
[INFO] 2026-01-22 09:36:56,010 - E016 S00100/00782 loss=0.480192 ema=0.485466 y_mean=0.506 lr=4.810e-04 step/s=3.64
[INFO] 2026-01-22 09:37:23,202 - E016 S00200/00782 loss=0.518648 ema=0.487537 y_mean=0.521 lr=4.810e-04 step/s=3.66
[INFO] 2026-01-22 09:37:50,432 - E016 S00300/00782 loss=0.497164 ema=0.488977 y_mean=0.528 lr=4.810e-04 step/s=3.66
[INFO] 2026-01-22 09:38:18,106 - E016 S00400/00782 loss=0.519923 ema=0.489274 y_mean=0.518 lr=4.810e-04 step/s=3.65
[INFO] 2026-01-22 09:38:45,462 - E016 S00500/00782 loss=0.501548 ema=0.491925 y_mean=0.538 lr=4.810e-04 step/s=3.65
[INFO] 2026-01-22 09:39:12,799 - E016 S00600/00782 loss=0.497399 ema=0.492937 y_mean=0.524 lr=4.810e-04 step/s=3.65
[INFO] 2026-01-22 09:39:39,823 - E016 S00700/00782 loss=0.489167 ema=0.488556 y_mean=0.521 lr=4.810e-04 step/s=3.66
[INFO] 2026-01-22 09:48:56,272 - [VAL] thr=0.990 trades=1280 avg_rnet=0.012937 winrate=0.641
[INFO] 2026-01-22 09:48:56,274 - E016 DONE train_loss=0.488519 val_bce=0.886013 val_acc@0.5=0.5205 n_val=1615532 epoch_time_s=747.7
[INFO] 2026-01-22 09:48:56,653 - E017 S00001/00782 loss=0.500928 ema=0.500928 y_mean=0.518 lr=4.784e-04 step/s=2.64
[INFO] 2026-01-22 09:49:23,684 - E017 S00100/00782 loss=0.465892 ema=0.474571 y_mean=0.499 lr=4.784e-04 step/s=3.65
[INFO] 2026-01-22 09:49:50,651 - E017 S00200/00782 loss=0.474836 ema=0.481562 y_mean=0.523 lr=4.784e-04 step/s=3.68
[INFO] 2026-01-22 09:50:17,832 - E017 S00300/00782 loss=0.457655 ema=0.476447 y_mean=0.502 lr=4.784e-04 step/s=3.68
[INFO] 2026-01-22 09:50:44,989 - E017 S00400/00782 loss=0.471496 ema=0.474900 y_mean=0.526 lr=4.784e-04 step/s=3.68
[INFO] 2026-01-22 09:51:11,976 - E017 S00500/00782 loss=0.463577 ema=0.482192 y_mean=0.525 lr=4.784e-04 step/s=3.68
[INFO] 2026-01-22 09:51:39,756 - E017 S00600/00782 loss=0.461582 ema=0.481905 y_mean=0.513 lr=4.784e-04 step/s=3.67
[INFO] 2026-01-22 09:52:06,914 - E017 S00700/00782 loss=0.481282 ema=0.483400 y_mean=0.516 lr=4.784e-04 step/s=3.67
[INFO] 2026-01-22 10:01:24,428 - [VAL] thr=0.990 trades=321 avg_rnet=0.019110 winrate=0.601
[INFO] 2026-01-22 10:01:24,428 - E017 DONE train_loss=0.481488 val_bce=0.848844 val_acc@0.5=0.5146 n_val=1615532 epoch_time_s=748.2
[INFO] 2026-01-22 10:01:24,812 - E018 S00001/00782 loss=0.471421 ema=0.471421 y_mean=0.530 lr=4.756e-04 step/s=2.62
[INFO] 2026-01-22 10:01:51,844 - E018 S00100/00782 loss=0.504963 ema=0.474531 y_mean=0.536 lr=4.756e-04 step/s=3.65
[INFO] 2026-01-22 10:02:18,834 - E018 S00200/00782 loss=0.482050 ema=0.475175 y_mean=0.517 lr=4.756e-04 step/s=3.68
[INFO] 2026-01-22 10:02:45,982 - E018 S00300/00782 loss=0.490204 ema=0.480211 y_mean=0.525 lr=4.756e-04 step/s=3.68
[INFO] 2026-01-22 10:03:12,974 - E018 S00400/00782 loss=0.464445 ema=0.479524 y_mean=0.503 lr=4.756e-04 step/s=3.69
[INFO] 2026-01-22 10:03:40,981 - E018 S00500/00782 loss=0.467750 ema=0.478169 y_mean=0.532 lr=4.756e-04 step/s=3.66
[INFO] 2026-01-22 10:04:07,935 - E018 S00600/00782 loss=0.471183 ema=0.479968 y_mean=0.551 lr=4.756e-04 step/s=3.67
[INFO] 2026-01-22 10:04:35,254 - E018 S00700/00782 loss=0.487193 ema=0.472805 y_mean=0.505 lr=4.756e-04 step/s=3.67
[INFO] 2026-01-22 10:13:51,128 - [VAL] thr=0.990 trades=2654 avg_rnet=0.044756 winrate=0.759
[INFO] 2026-01-22 10:13:51,131 - E018 DONE train_loss=0.476025 val_bce=0.861346 val_acc@0.5=0.5312 n_val=1615532 epoch_time_s=746.7
[INFO] 2026-01-22 10:13:51,184 - [CKPT] saved best_model.pt (best_val_avg_rnet=0.044756, trades=2654, thr=0.990)
[INFO] 2026-01-22 10:13:51,769 - E019 S00001/00782 loss=0.460938 ema=0.460938 y_mean=0.546 lr=4.728e-04 step/s=1.71
[INFO] 2026-01-22 10:14:18,641 - E019 S00100/00782 loss=0.481294 ema=0.469473 y_mean=0.530 lr=4.728e-04 step/s=3.64
[INFO] 2026-01-22 10:14:45,819 - E019 S00200/00782 loss=0.451294 ema=0.463407 y_mean=0.516 lr=4.728e-04 step/s=3.66
[INFO] 2026-01-22 10:15:12,776 - E019 S00300/00782 loss=0.447420 ema=0.469335 y_mean=0.521 lr=4.728e-04 step/s=3.68
[INFO] 2026-01-22 10:15:39,923 - E019 S00400/00782 loss=0.452082 ema=0.469914 y_mean=0.529 lr=4.728e-04 step/s=3.68
[INFO] 2026-01-22 10:16:07,259 - E019 S00500/00782 loss=0.464485 ema=0.473025 y_mean=0.504 lr=4.728e-04 step/s=3.67
[INFO] 2026-01-22 10:16:34,944 - E019 S00600/00782 loss=0.460189 ema=0.466946 y_mean=0.554 lr=4.728e-04 step/s=3.66
[INFO] 2026-01-22 10:17:01,957 - E019 S00700/00782 loss=0.470804 ema=0.469997 y_mean=0.529 lr=4.728e-04 step/s=3.67
[INFO] 2026-01-22 10:26:17,092 - [VAL] thr=0.868 trades=162081 avg_rnet=0.004006 winrate=0.565
[INFO] 2026-01-22 10:26:17,093 - E019 DONE train_loss=0.469472 val_bce=0.847487 val_acc@0.5=0.5231 n_val=1615532 epoch_time_s=745.9
[INFO] 2026-01-22 10:26:17,474 - E020 S00001/00782 loss=0.442671 ema=0.442671 y_mean=0.529 lr=4.697e-04 step/s=2.63
[INFO] 2026-01-22 10:26:44,463 - E020 S00100/00782 loss=0.468473 ema=0.460984 y_mean=0.502 lr=4.697e-04 step/s=3.65
[INFO] 2026-01-22 10:27:11,780 - E020 S00200/00782 loss=0.464473 ema=0.464738 y_mean=0.520 lr=4.697e-04 step/s=3.66
[INFO] 2026-01-22 10:27:41,614 - E020 S00300/00782 loss=0.444091 ema=0.464045 y_mean=0.496 lr=4.697e-04 step/s=3.55
[INFO] 2026-01-22 10:28:08,658 - E020 S00400/00782 loss=0.457365 ema=0.466897 y_mean=0.504 lr=4.697e-04 step/s=3.59
[INFO] 2026-01-22 10:28:36,014 - E020 S00500/00782 loss=0.474212 ema=0.464852 y_mean=0.512 lr=4.697e-04 step/s=3.60
[INFO] 2026-01-22 10:29:03,195 - E020 S00600/00782 loss=0.482149 ema=0.464297 y_mean=0.510 lr=4.697e-04 step/s=3.61
[INFO] 2026-01-22 10:29:30,120 - E020 S00700/00782 loss=0.478366 ema=0.469490 y_mean=0.510 lr=4.697e-04 step/s=3.63
[INFO] 2026-01-22 10:38:48,379 - [VAL] thr=0.984 trades=7150 avg_rnet=0.008515 winrate=0.553
[INFO] 2026-01-22 10:38:48,379 - E020 DONE train_loss=0.463282 val_bce=0.890825 val_acc@0.5=0.5227 n_val=1615532 epoch_time_s=751.3
[INFO] 2026-01-22 10:38:48,883 - E021 S00001/00782 loss=0.442795 ema=0.442795 y_mean=0.526 lr=4.665e-04 step/s=2.00
[INFO] 2026-01-22 10:39:18,542 - E021 S00100/00782 loss=0.471028 ema=0.451673 y_mean=0.529 lr=4.665e-04 step/s=3.32
[INFO] 2026-01-22 10:39:47,442 - E021 S00200/00782 loss=0.454700 ema=0.460842 y_mean=0.527 lr=4.665e-04 step/s=3.39
[INFO] 2026-01-22 10:40:16,397 - E021 S00300/00782 loss=0.460163 ema=0.454942 y_mean=0.531 lr=4.665e-04 step/s=3.41
[INFO] 2026-01-22 10:40:44,682 - E021 S00400/00782 loss=0.462502 ema=0.453914 y_mean=0.533 lr=4.665e-04 step/s=3.44
[INFO] 2026-01-22 10:41:11,653 - E021 S00500/00782 loss=0.457153 ema=0.464725 y_mean=0.519 lr=4.665e-04 step/s=3.49
[INFO] 2026-01-22 10:41:38,468 - E021 S00600/00782 loss=0.458824 ema=0.460227 y_mean=0.524 lr=4.665e-04 step/s=3.53
[INFO] 2026-01-22 10:42:05,312 - E021 S00700/00782 loss=0.473644 ema=0.458496 y_mean=0.517 lr=4.665e-04 step/s=3.55
[INFO] 2026-01-22 10:51:15,009 - [VAL] thr=0.990 trades=7300 avg_rnet=0.019408 winrate=0.635
[INFO] 2026-01-22 10:51:15,009 - E021 DONE train_loss=0.456806 val_bce=0.888153 val_acc@0.5=0.5339 n_val=1615532 epoch_time_s=746.6
[INFO] 2026-01-22 10:51:15,386 - E022 S00001/00782 loss=0.452366 ema=0.452366 y_mean=0.501 lr=4.632e-04 step/s=2.65
[INFO] 2026-01-22 10:51:42,294 - E022 S00100/00782 loss=0.460044 ema=0.443535 y_mean=0.523 lr=4.632e-04 step/s=3.66
[INFO] 2026-01-22 10:52:09,340 - E022 S00200/00782 loss=0.450328 ema=0.443332 y_mean=0.528 lr=4.632e-04 step/s=3.68
[INFO] 2026-01-22 10:52:36,101 - E022 S00300/00782 loss=0.459288 ema=0.453505 y_mean=0.517 lr=4.632e-04 step/s=3.70
[INFO] 2026-01-22 10:53:03,034 - E022 S00400/00782 loss=0.455159 ema=0.451779 y_mean=0.531 lr=4.632e-04 step/s=3.70
[INFO] 2026-01-22 10:53:29,850 - E022 S00500/00782 loss=0.474538 ema=0.452782 y_mean=0.494 lr=4.632e-04 step/s=3.71
[INFO] 2026-01-22 10:53:56,944 - E022 S00600/00782 loss=0.452961 ema=0.448091 y_mean=0.561 lr=4.632e-04 step/s=3.71
[INFO] 2026-01-22 10:54:23,740 - E022 S00700/00782 loss=0.458709 ema=0.455310 y_mean=0.497 lr=4.632e-04 step/s=3.71
[INFO] 2026-01-22 11:03:32,610 - [VAL] thr=0.990 trades=3135 avg_rnet=0.013517 winrate=0.641
[INFO] 2026-01-22 11:03:32,612 - E022 DONE train_loss=0.451445 val_bce=0.862968 val_acc@0.5=0.5267 n_val=1615532 epoch_time_s=737.6
[INFO] 2026-01-22 11:03:33,001 - E023 S00001/00782 loss=0.447955 ema=0.447955 y_mean=0.540 lr=4.597e-04 step/s=2.58
[INFO] 2026-01-22 11:03:59,830 - E023 S00100/00782 loss=0.452331 ema=0.441314 y_mean=0.539 lr=4.597e-04 step/s=3.67
[INFO] 2026-01-22 11:04:26,663 - E023 S00200/00782 loss=0.430796 ema=0.443277 y_mean=0.530 lr=4.597e-04 step/s=3.70
[INFO] 2026-01-22 11:04:53,562 - E023 S00300/00782 loss=0.415764 ema=0.442548 y_mean=0.504 lr=4.597e-04 step/s=3.71
[INFO] 2026-01-22 11:05:20,551 - E023 S00400/00782 loss=0.452463 ema=0.447211 y_mean=0.528 lr=4.597e-04 step/s=3.71
[INFO] 2026-01-22 11:05:47,454 - E023 S00500/00782 loss=0.458373 ema=0.446130 y_mean=0.525 lr=4.597e-04 step/s=3.71
[INFO] 2026-01-22 11:06:14,530 - E023 S00600/00782 loss=0.413267 ema=0.445729 y_mean=0.543 lr=4.597e-04 step/s=3.71
[INFO] 2026-01-22 11:06:42,586 - E023 S00700/00782 loss=0.434027 ema=0.446175 y_mean=0.507 lr=4.597e-04 step/s=3.68
[INFO] 2026-01-22 11:15:49,164 - [VAL] thr=0.990 trades=2955 avg_rnet=0.012787 winrate=0.608
[INFO] 2026-01-22 11:15:49,164 - E023 DONE train_loss=0.444303 val_bce=0.928051 val_acc@0.5=0.5215 n_val=1615532 epoch_time_s=736.6
[INFO] 2026-01-22 11:15:49,536 - E024 S00001/00782 loss=0.408064 ema=0.408064 y_mean=0.506 lr=4.560e-04 step/s=2.69
[INFO] 2026-01-22 11:16:16,346 - E024 S00100/00782 loss=0.423396 ema=0.430714 y_mean=0.536 lr=4.560e-04 step/s=3.68
[INFO] 2026-01-22 11:16:44,927 - E024 S00200/00782 loss=0.442226 ema=0.433170 y_mean=0.526 lr=4.560e-04 step/s=3.59
[INFO] 2026-01-22 11:17:13,436 - E024 S00300/00782 loss=0.455464 ema=0.443429 y_mean=0.536 lr=4.560e-04 step/s=3.56
[INFO] 2026-01-22 11:17:41,238 - E024 S00400/00782 loss=0.408526 ema=0.436967 y_mean=0.526 lr=4.560e-04 step/s=3.57
[INFO] 2026-01-22 11:18:08,306 - E024 S00500/00782 loss=0.414462 ema=0.444268 y_mean=0.484 lr=4.560e-04 step/s=3.59
[INFO] 2026-01-22 11:18:35,448 - E024 S00600/00782 loss=0.434622 ema=0.439599 y_mean=0.495 lr=4.560e-04 step/s=3.61
[INFO] 2026-01-22 11:19:02,600 - E024 S00700/00782 loss=0.421167 ema=0.439193 y_mean=0.511 lr=4.560e-04 step/s=3.62
[INFO] 2026-01-22 11:28:16,079 - [VAL] thr=0.984 trades=24890 avg_rnet=0.004609 winrate=0.572
[INFO] 2026-01-22 11:28:16,079 - E024 DONE train_loss=0.438209 val_bce=0.933064 val_acc@0.5=0.5250 n_val=1615532 epoch_time_s=746.9
[INFO] 2026-01-22 11:28:16,462 - E025 S00001/00782 loss=0.426994 ema=0.426994 y_mean=0.507 lr=4.523e-04 step/s=2.61
[INFO] 2026-01-22 11:28:43,184 - E025 S00100/00782 loss=0.442099 ema=0.427942 y_mean=0.495 lr=4.523e-04 step/s=3.69
[INFO] 2026-01-22 11:29:10,197 - E025 S00200/00782 loss=0.419430 ema=0.427854 y_mean=0.502 lr=4.523e-04 step/s=3.70
[INFO] 2026-01-22 11:29:37,135 - E025 S00300/00782 loss=0.450112 ema=0.433694 y_mean=0.543 lr=4.523e-04 step/s=3.70
[INFO] 2026-01-22 11:30:04,217 - E025 S00400/00782 loss=0.448281 ema=0.433734 y_mean=0.519 lr=4.523e-04 step/s=3.70
[INFO] 2026-01-22 11:30:31,277 - E025 S00500/00782 loss=0.466082 ema=0.437548 y_mean=0.508 lr=4.523e-04 step/s=3.70
[INFO] 2026-01-22 11:30:59,418 - E025 S00600/00782 loss=0.417361 ema=0.429183 y_mean=0.548 lr=4.523e-04 step/s=3.67
[INFO] 2026-01-22 11:31:28,487 - E025 S00700/00782 loss=0.426523 ema=0.431200 y_mean=0.520 lr=4.523e-04 step/s=3.64
[INFO] 2026-01-22 11:40:49,072 - [VAL] thr=0.990 trades=12426 avg_rnet=0.008864 winrate=0.600
[INFO] 2026-01-22 11:40:49,072 - E025 DONE train_loss=0.432382 val_bce=0.944180 val_acc@0.5=0.5216 n_val=1615532 epoch_time_s=753.0
[INFO] 2026-01-22 11:40:49,456 - E026 S00001/00782 loss=0.438177 ema=0.438177 y_mean=0.537 lr=4.483e-04 step/s=2.60
[INFO] 2026-01-22 11:41:16,414 - E026 S00100/00782 loss=0.415700 ema=0.416611 y_mean=0.543 lr=4.483e-04 step/s=3.66
[INFO] 2026-01-22 11:41:43,321 - E026 S00200/00782 loss=0.427992 ema=0.427564 y_mean=0.516 lr=4.483e-04 step/s=3.69
[INFO] 2026-01-22 11:42:10,727 - E026 S00300/00782 loss=0.456692 ema=0.424364 y_mean=0.519 lr=4.483e-04 step/s=3.67
[INFO] 2026-01-22 11:42:38,514 - E026 S00400/00782 loss=0.442897 ema=0.432359 y_mean=0.527 lr=4.483e-04 step/s=3.65
[INFO] 2026-01-22 11:43:05,484 - E026 S00500/00782 loss=0.438456 ema=0.427304 y_mean=0.525 lr=4.483e-04 step/s=3.67
[INFO] 2026-01-22 11:43:32,663 - E026 S00600/00782 loss=0.444350 ema=0.430549 y_mean=0.516 lr=4.483e-04 step/s=3.67
[INFO] 2026-01-22 11:43:59,623 - E026 S00700/00782 loss=0.440309 ema=0.429808 y_mean=0.503 lr=4.483e-04 step/s=3.67
[INFO] 2026-01-22 11:53:22,607 - [VAL] thr=0.990 trades=5331 avg_rnet=0.007403 winrate=0.580
[INFO] 2026-01-22 11:53:22,608 - E026 DONE train_loss=0.427235 val_bce=0.955225 val_acc@0.5=0.5165 n_val=1615532 epoch_time_s=753.5
[INFO] 2026-01-22 11:53:23,000 - E027 S00001/00782 loss=0.420041 ema=0.420041 y_mean=0.506 lr=4.443e-04 step/s=2.56
[INFO] 2026-01-22 11:53:50,725 - E027 S00100/00782 loss=0.404489 ema=0.412365 y_mean=0.532 lr=4.443e-04 step/s=3.56
[INFO] 2026-01-22 11:54:17,997 - E027 S00200/00782 loss=0.403612 ema=0.418437 y_mean=0.515 lr=4.443e-04 step/s=3.61
[INFO] 2026-01-22 11:54:45,414 - E027 S00300/00782 loss=0.426372 ema=0.423931 y_mean=0.551 lr=4.443e-04 step/s=3.62
[INFO] 2026-01-22 11:55:12,635 - E027 S00400/00782 loss=0.427550 ema=0.418406 y_mean=0.526 lr=4.443e-04 step/s=3.64
[INFO] 2026-01-22 11:55:40,183 - E027 S00500/00782 loss=0.428475 ema=0.418890 y_mean=0.542 lr=4.443e-04 step/s=3.63
[INFO] 2026-01-22 11:56:07,562 - E027 S00600/00782 loss=0.438140 ema=0.429613 y_mean=0.512 lr=4.443e-04 step/s=3.64
[INFO] 2026-01-22 11:56:34,869 - E027 S00700/00782 loss=0.431206 ema=0.425875 y_mean=0.511 lr=4.443e-04 step/s=3.64
[INFO] 2026-01-22 12:06:03,823 - [VAL] thr=0.782 trades=347671 avg_rnet=0.001049 winrate=0.555
[INFO] 2026-01-22 12:06:03,824 - E027 DONE train_loss=0.420517 val_bce=0.983639 val_acc@0.5=0.5178 n_val=1615532 epoch_time_s=761.2
[INFO] 2026-01-22 12:06:04,195 - E028 S00001/00782 loss=0.402109 ema=0.402109 y_mean=0.527 lr=4.401e-04 step/s=2.70
[INFO] 2026-01-22 12:06:32,221 - E028 S00100/00782 loss=0.403618 ema=0.408221 y_mean=0.536 lr=4.401e-04 step/s=3.52
[INFO] 2026-01-22 12:07:00,935 - E028 S00200/00782 loss=0.414978 ema=0.412482 y_mean=0.522 lr=4.401e-04 step/s=3.50
[INFO] 2026-01-22 12:07:30,072 - E028 S00300/00782 loss=0.393936 ema=0.412714 y_mean=0.497 lr=4.401e-04 step/s=3.48
[INFO] 2026-01-22 12:07:58,940 - E028 S00400/00782 loss=0.431514 ema=0.413933 y_mean=0.510 lr=4.401e-04 step/s=3.47
[INFO] 2026-01-22 12:08:28,249 - E028 S00500/00782 loss=0.394113 ema=0.415723 y_mean=0.517 lr=4.401e-04 step/s=3.46
[INFO] 2026-01-22 12:08:56,509 - E028 S00600/00782 loss=0.422162 ema=0.417190 y_mean=0.487 lr=4.401e-04 step/s=3.47
[INFO] 2026-01-22 12:09:25,031 - E028 S00700/00782 loss=0.424803 ema=0.422265 y_mean=0.519 lr=4.401e-04 step/s=3.48
[INFO] 2026-01-22 12:19:12,181 - [VAL] thr=0.990 trades=15131 avg_rnet=0.012468 winrate=0.628
[INFO] 2026-01-22 12:19:12,183 - E028 DONE train_loss=0.415361 val_bce=1.017467 val_acc@0.5=0.5221 n_val=1615532 epoch_time_s=788.4
[INFO] 2026-01-22 12:19:12,593 - E029 S00001/00782 loss=0.382896 ema=0.382896 y_mean=0.524 lr=4.358e-04 step/s=2.44
[INFO] 2026-01-22 12:19:41,970 - E029 S00100/00782 loss=0.431786 ema=0.403951 y_mean=0.541 lr=4.358e-04 step/s=3.36
[INFO] 2026-01-22 12:20:11,515 - E029 S00200/00782 loss=0.398604 ema=0.408025 y_mean=0.527 lr=4.358e-04 step/s=3.37
[INFO] 2026-01-22 12:20:40,848 - E029 S00300/00782 loss=0.397839 ema=0.409721 y_mean=0.525 lr=4.358e-04 step/s=3.38
[INFO] 2026-01-22 12:21:10,157 - E029 S00400/00782 loss=0.405027 ema=0.405802 y_mean=0.506 lr=4.358e-04 step/s=3.39
[INFO] 2026-01-22 12:21:39,575 - E029 S00500/00782 loss=0.404020 ema=0.416387 y_mean=0.533 lr=4.358e-04 step/s=3.39
[INFO] 2026-01-22 12:22:09,338 - E029 S00600/00782 loss=0.427672 ema=0.409747 y_mean=0.512 lr=4.358e-04 step/s=3.39
[INFO] 2026-01-22 12:22:39,190 - E029 S00700/00782 loss=0.406219 ema=0.417760 y_mean=0.521 lr=4.358e-04 step/s=3.38
[INFO] 2026-01-22 12:32:30,558 - [VAL] thr=0.990 trades=14027 avg_rnet=0.006252 winrate=0.597
[INFO] 2026-01-22 12:32:30,559 - E029 DONE train_loss=0.410323 val_bce=1.001446 val_acc@0.5=0.5209 n_val=1615532 epoch_time_s=798.4
[INFO] 2026-01-22 12:32:30,956 - E030 S00001/00782 loss=0.394649 ema=0.394649 y_mean=0.517 lr=4.313e-04 step/s=2.53
[INFO] 2026-01-22 12:32:59,928 - E030 S00100/00782 loss=0.384040 ema=0.399909 y_mean=0.514 lr=4.313e-04 step/s=3.41
[INFO] 2026-01-22 12:33:28,826 - E030 S00200/00782 loss=0.401436 ema=0.397455 y_mean=0.493 lr=4.313e-04 step/s=3.43
[INFO] 2026-01-22 12:33:57,939 - E030 S00300/00782 loss=0.402888 ema=0.400893 y_mean=0.550 lr=4.313e-04 step/s=3.43
[INFO] 2026-01-22 12:34:26,816 - E030 S00400/00782 loss=0.410574 ema=0.407005 y_mean=0.505 lr=4.313e-04 step/s=3.44
[INFO] 2026-01-22 12:34:55,852 - E030 S00500/00782 loss=0.380947 ema=0.403228 y_mean=0.548 lr=4.313e-04 step/s=3.44
[INFO] 2026-01-22 12:35:24,940 - E030 S00600/00782 loss=0.434315 ema=0.410502 y_mean=0.534 lr=4.313e-04 step/s=3.44
[INFO] 2026-01-22 12:35:53,818 - E030 S00700/00782 loss=0.432983 ema=0.411718 y_mean=0.490 lr=4.313e-04 step/s=3.44
[INFO] 2026-01-22 12:45:27,833 - [VAL] thr=0.537 trades=793693 avg_rnet=0.000402 winrate=0.541
[INFO] 2026-01-22 12:45:27,834 - E030 DONE train_loss=0.404352 val_bce=0.984803 val_acc@0.5=0.5212 n_val=1615532 epoch_time_s=777.3
[INFO] 2026-01-22 12:45:27,834 - [EARLY STOP] epoch=30 no_improve=30 best_val_avg_rnet=0.044756
[INFO] best model saved: C:\Users\stewe67\PycharmProjects\FilteredTest\runs_full_trial107_seed20262121\best_model.pt (best_val_avg_rnet=0.044756)
[INFO] 2026-01-22 12:49:58,459 - [VAL] chosen threshold: thr=0.990 | trades=2654 | winrate=0.759 | avg_rnet=0.044756
[TEST] bce=0.8951 acc@0.5=0.5031 n_test=1617230
[TEST] trading@thr=0.990 | trades=1448 | winrate=0.421
[DONE]
756
[2026-01-22T12:59:12] END rc=0
